<?xml version="1.0" encoding="UTF-8"?>
<robot generator="Robot 6.1.1 (Python 3.9.12 on darwin)" generated="20240906 00:15:18.322" rpa="false" schemaversion="4">
<suite id="s1" name="Finviz Scraper" source="/Users/nikitapiko/Documents/University/WU Wien/SBWL/Data Science/PROJECTS/SPX500/data-scraping/finviz_scraper.robot">
<test id="s1-t1" name="Scrape S&amp;P 500 Financial Headlines" line="15">
<kw name="Open Browser To Finviz">
<kw name="Open Browser" library="SeleniumLibrary">
<arg>${URL}</arg>
<arg>${BROWSER}</arg>
<doc>Opens a new browser instance to the optional ``url``.</doc>
<msg timestamp="20240906 00:15:18.575" level="INFO">Opening browser 'firefox' to base url 'https://finviz.com/quote.ashx?t=SPY&amp;p=d'.</msg>
<status status="PASS" starttime="20240906 00:15:18.575" endtime="20240906 00:15:26.478"/>
</kw>
<kw name="Maximize Browser Window" library="SeleniumLibrary">
<doc>Maximizes current browser window.</doc>
<status status="PASS" starttime="20240906 00:15:26.478" endtime="20240906 00:15:27.092"/>
</kw>
<kw name="Wait Until Page Contains Element" library="SeleniumLibrary">
<arg>${AGREE_BUTTON_SELECTOR}</arg>
<arg>timeout=10s</arg>
<doc>Waits until the element ``locator`` appears on the current page.</doc>
<status status="PASS" starttime="20240906 00:15:27.092" endtime="20240906 00:15:27.107"/>
</kw>
<status status="PASS" starttime="20240906 00:15:18.574" endtime="20240906 00:15:27.107"/>
</kw>
<kw name="Accept Cookies">
<kw name="Wait Until Page Contains Element" library="SeleniumLibrary">
<arg>${AGREE_BUTTON_SELECTOR}</arg>
<arg>timeout=10s</arg>
<doc>Waits until the element ``locator`` appears on the current page.</doc>
<status status="PASS" starttime="20240906 00:15:27.108" endtime="20240906 00:15:27.112"/>
</kw>
<kw name="Click Element" library="SeleniumLibrary">
<arg>${AGREE_BUTTON_SELECTOR}</arg>
<doc>Click the element identified by ``locator``.</doc>
<msg timestamp="20240906 00:15:27.112" level="INFO">Clicking element '//span[text()="AGREE"]'.</msg>
<status status="PASS" starttime="20240906 00:15:27.112" endtime="20240906 00:15:27.534"/>
</kw>
<kw name="Log" library="BuiltIn">
<arg>"Cookies accepted"</arg>
<doc>Logs the given message with the given level.</doc>
<msg timestamp="20240906 00:15:27.535" level="INFO">"Cookies accepted"</msg>
<status status="PASS" starttime="20240906 00:15:27.534" endtime="20240906 00:15:27.535"/>
</kw>
<status status="PASS" starttime="20240906 00:15:27.107" endtime="20240906 00:15:27.535"/>
</kw>
<kw name="Get All Headlines">
<kw name="Get WebElements" library="SeleniumLibrary">
<var>@{headlines}</var>
<arg>${HEADLINE_SELECTOR}</arg>
<doc>Returns a list of WebElement objects matching the ``locator``.</doc>
<msg timestamp="20240906 00:15:27.544" level="INFO">@{headlines} = [ &lt;selenium.webdriver.remote.webelement.WebElement (session="399b82eb-622c-45b7-9663-c9ed7eac52a6", element="5c33742d-7ef3-4c75-ac8e-560c30c5454d")&gt; | &lt;selenium.webdriver.remote.webelement.WebElement ...</msg>
<status status="PASS" starttime="20240906 00:15:27.535" endtime="20240906 00:15:27.544"/>
</kw>
<kw name="Get Length" library="BuiltIn">
<var>${headline_count}</var>
<arg>${headlines}</arg>
<doc>Returns and logs the length of the given item as an integer.</doc>
<msg timestamp="20240906 00:15:27.544" level="INFO">Length is 100</msg>
<msg timestamp="20240906 00:15:27.544" level="INFO">${headline_count} = 100</msg>
<status status="PASS" starttime="20240906 00:15:27.544" endtime="20240906 00:15:27.544"/>
</kw>
<kw name="Log" library="BuiltIn">
<arg>"Found ${headline_count} headlines"</arg>
<doc>Logs the given message with the given level.</doc>
<msg timestamp="20240906 00:15:27.545" level="INFO">"Found 100 headlines"</msg>
<status status="PASS" starttime="20240906 00:15:27.544" endtime="20240906 00:15:27.545"/>
</kw>
<for flavor="IN">
<var>${headline}</var>
<value>@{headlines}</value>
<iter>
<var name="${headline}">&lt;selenium.webdriver.remote.webelement.WebElement (session="399b82eb-622c-45b7-9663-c9ed7eac52a6", element="5c33742d-7ef3-4c75-ac8e-560c30c5454d")&gt;</var>
<kw name="Get Text" library="SeleniumLibrary">
<var>${headline_text}</var>
<arg>${headline}</arg>
<doc>Returns the text value of the element identified by ``locator``.</doc>
<msg timestamp="20240906 00:15:27.574" level="INFO">${headline_text} = Arnott's Debut ETF Bets on Index Rejects</msg>
<status status="PASS" starttime="20240906 00:15:27.545" endtime="20240906 00:15:27.574"/>
</kw>
<kw name="Get Element Attribute" library="SeleniumLibrary">
<var>${headline_link}</var>
<arg>${headline}</arg>
<arg>href</arg>
<doc>Returns the value of ``attribute`` from the element ``locator``.</doc>
<msg timestamp="20240906 00:15:27.599" level="INFO">${headline_link} = https://finance.yahoo.com/m/5c646a54-db20-3468-b476-66a4a8999de3/arnott%27s-debut-etf-bets-on.html</msg>
<status status="PASS" starttime="20240906 00:15:27.574" endtime="20240906 00:15:27.599"/>
</kw>
<kw name="Log" library="BuiltIn">
<arg>${headline_text} - ${headline_link}</arg>
<doc>Logs the given message with the given level.</doc>
<msg timestamp="20240906 00:15:27.599" level="INFO">Arnott's Debut ETF Bets on Index Rejects - https://finance.yahoo.com/m/5c646a54-db20-3468-b476-66a4a8999de3/arnott%27s-debut-etf-bets-on.html</msg>
<status status="PASS" starttime="20240906 00:15:27.599" endtime="20240906 00:15:27.599"/>
</kw>
<kw name="Append To File" library="OperatingSystem">
<arg>${OUTPUT_FILE}</arg>
<arg>${headline_text} - ${headline_link}\n</arg>
<doc>Appends the given content to the specified file.</doc>
<msg timestamp="20240906 00:15:27.601" level="INFO" html="true">Appended to file '&lt;a href="file:///Users/nikitapiko/Documents/University/WU Wien/SBWL/Data Science/PROJECTS/SPX500/data-scraping/headlines.txt"&gt;/Users/nikitapiko/Documents/University/WU Wien/SBWL/Data Science/PROJECTS/SPX500/data-scraping/headlines.txt&lt;/a&gt;'.</msg>
<status status="PASS" starttime="20240906 00:15:27.600" endtime="20240906 00:15:27.601"/>
</kw>
<kw name="Log" library="BuiltIn">
<arg>"Processed headline: ${headline_text}"</arg>
<doc>Logs the given message with the given level.</doc>
<msg timestamp="20240906 00:15:27.601" level="INFO">"Processed headline: Arnott's Debut ETF Bets on Index Rejects"</msg>
<status status="PASS" starttime="20240906 00:15:27.601" endtime="20240906 00:15:27.601"/>
</kw>
<status status="PASS" starttime="20240906 00:15:27.545" endtime="20240906 00:15:27.601"/>
</iter>
<iter>
<var name="${headline}">&lt;selenium.webdriver.remote.webelement.WebElement (session="399b82eb-622c-45b7-9663-c9ed7eac52a6", element="7cb4dde1-fd7c-458b-aa0f-d2e9a27df90f")&gt;</var>
<kw name="Get Text" library="SeleniumLibrary">
<var>${headline_text}</var>
<arg>${headline}</arg>
<doc>Returns the text value of the element identified by ``locator``.</doc>
<msg timestamp="20240906 00:15:27.611" level="INFO">${headline_text} = August jobs report set to be the 'pivotal' factor in the size of the Fed's coming interest rate cut</msg>
<status status="PASS" starttime="20240906 00:15:27.601" endtime="20240906 00:15:27.611"/>
</kw>
<kw name="Get Element Attribute" library="SeleniumLibrary">
<var>${headline_link}</var>
<arg>${headline}</arg>
<arg>href</arg>
<doc>Returns the value of ``attribute`` from the element ``locator``.</doc>
<msg timestamp="20240906 00:15:27.630" level="INFO">${headline_link} = https://finance.yahoo.com/news/august-jobs-report-set-to-be-the-pivotal-factor-in-the-size-of-the-feds-coming-interest-rate-cut-182656927.html</msg>
<status status="PASS" starttime="20240906 00:15:27.611" endtime="20240906 00:15:27.630"/>
</kw>
<kw name="Log" library="BuiltIn">
<arg>${headline_text} - ${headline_link}</arg>
<doc>Logs the given message with the given level.</doc>
<msg timestamp="20240906 00:15:27.631" level="INFO">August jobs report set to be the 'pivotal' factor in the size of the Fed's coming interest rate cut - https://finance.yahoo.com/news/august-jobs-report-set-to-be-the-pivotal-factor-in-the-size-of-the-feds-coming-interest-rate-cut-182656927.html</msg>
<status status="PASS" starttime="20240906 00:15:27.631" endtime="20240906 00:15:27.631"/>
</kw>
<kw name="Append To File" library="OperatingSystem">
<arg>${OUTPUT_FILE}</arg>
<arg>${headline_text} - ${headline_link}\n</arg>
<doc>Appends the given content to the specified file.</doc>
<msg timestamp="20240906 00:15:27.633" level="INFO" html="true">Appended to file '&lt;a href="file:///Users/nikitapiko/Documents/University/WU Wien/SBWL/Data Science/PROJECTS/SPX500/data-scraping/headlines.txt"&gt;/Users/nikitapiko/Documents/University/WU Wien/SBWL/Data Science/PROJECTS/SPX500/data-scraping/headlines.txt&lt;/a&gt;'.</msg>
<status status="PASS" starttime="20240906 00:15:27.631" endtime="20240906 00:15:27.633"/>
</kw>
<kw name="Log" library="BuiltIn">
<arg>"Processed headline: ${headline_text}"</arg>
<doc>Logs the given message with the given level.</doc>
<msg timestamp="20240906 00:15:27.633" level="INFO">"Processed headline: August jobs report set to be the 'pivotal' factor in the size of the Fed's coming interest rate cut"</msg>
<status status="PASS" starttime="20240906 00:15:27.633" endtime="20240906 00:15:27.633"/>
</kw>
<status status="PASS" starttime="20240906 00:15:27.601" endtime="20240906 00:15:27.633"/>
</iter>
<iter>
<var name="${headline}">&lt;selenium.webdriver.remote.webelement.WebElement (session="399b82eb-622c-45b7-9663-c9ed7eac52a6", element="965c79af-7141-4f98-a86e-a0791fcdf1c0")&gt;</var>
<kw name="Get Text" library="SeleniumLibrary">
<var>${headline_text}</var>
<arg>${headline}</arg>
<doc>Returns the text value of the element identified by ``locator``.</doc>
<msg timestamp="20240906 00:15:27.644" level="INFO">${headline_text} = SMH, Semiconductor ETFs: Will Broadcom Save Them?</msg>
<status status="PASS" starttime="20240906 00:15:27.633" endtime="20240906 00:15:27.644"/>
</kw>
<kw name="Get Element Attribute" library="SeleniumLibrary">
<var>${headline_link}</var>
<arg>${headline}</arg>
<arg>href</arg>
<doc>Returns the value of ``attribute`` from the element ``locator``.</doc>
<msg timestamp="20240906 00:15:27.665" level="INFO">${headline_link} = https://finance.yahoo.com/m/1d46dc5b-69f0-35ff-bfdd-1f195b11a4b5/smh%2C-semiconductor-etfs%3A-will.html</msg>
<status status="PASS" starttime="20240906 00:15:27.645" endtime="20240906 00:15:27.665"/>
</kw>
<kw name="Log" library="BuiltIn">
<arg>${headline_text} - ${headline_link}</arg>
<doc>Logs the given message with the given level.</doc>
<msg timestamp="20240906 00:15:27.665" level="INFO">SMH, Semiconductor ETFs: Will Broadcom Save Them? - https://finance.yahoo.com/m/1d46dc5b-69f0-35ff-bfdd-1f195b11a4b5/smh%2C-semiconductor-etfs%3A-will.html</msg>
<status status="PASS" starttime="20240906 00:15:27.665" endtime="20240906 00:15:27.666"/>
</kw>
<kw name="Append To File" library="OperatingSystem">
<arg>${OUTPUT_FILE}</arg>
<arg>${headline_text} - ${headline_link}\n</arg>
<doc>Appends the given content to the specified file.</doc>
<msg timestamp="20240906 00:15:27.667" level="INFO" html="true">Appended to file '&lt;a href="file:///Users/nikitapiko/Documents/University/WU Wien/SBWL/Data Science/PROJECTS/SPX500/data-scraping/headlines.txt"&gt;/Users/nikitapiko/Documents/University/WU Wien/SBWL/Data Science/PROJECTS/SPX500/data-scraping/headlines.txt&lt;/a&gt;'.</msg>
<status status="PASS" starttime="20240906 00:15:27.666" endtime="20240906 00:15:27.667"/>
</kw>
<kw name="Log" library="BuiltIn">
<arg>"Processed headline: ${headline_text}"</arg>
<doc>Logs the given message with the given level.</doc>
<msg timestamp="20240906 00:15:27.667" level="INFO">"Processed headline: SMH, Semiconductor ETFs: Will Broadcom Save Them?"</msg>
<status status="PASS" starttime="20240906 00:15:27.667" endtime="20240906 00:15:27.668"/>
</kw>
<status status="PASS" starttime="20240906 00:15:27.633" endtime="20240906 00:15:27.668"/>
</iter>
<iter>
<var name="${headline}">&lt;selenium.webdriver.remote.webelement.WebElement (session="399b82eb-622c-45b7-9663-c9ed7eac52a6", element="7dcfbe7d-d918-4603-bb60-19a59d9aa91b")&gt;</var>
<kw name="Get Text" library="SeleniumLibrary">
<var>${headline_text}</var>
<arg>${headline}</arg>
<doc>Returns the text value of the element identified by ``locator``.</doc>
<msg timestamp="20240906 00:15:27.676" level="INFO">${headline_text} = Tradr Debuts Leveraged ETFs for Longer-Term Investors</msg>
<status status="PASS" starttime="20240906 00:15:27.668" endtime="20240906 00:15:27.676"/>
</kw>
<kw name="Get Element Attribute" library="SeleniumLibrary">
<var>${headline_link}</var>
<arg>${headline}</arg>
<arg>href</arg>
<doc>Returns the value of ``attribute`` from the element ``locator``.</doc>
<msg timestamp="20240906 00:15:27.693" level="INFO">${headline_link} = https://finance.yahoo.com/m/f4e8e132-3405-353a-95db-de1b45b1b91b/tradr-debuts-leveraged-etfs.html</msg>
<status status="PASS" starttime="20240906 00:15:27.676" endtime="20240906 00:15:27.693"/>
</kw>
<kw name="Log" library="BuiltIn">
<arg>${headline_text} - ${headline_link}</arg>
<doc>Logs the given message with the given level.</doc>
<msg timestamp="20240906 00:15:27.694" level="INFO">Tradr Debuts Leveraged ETFs for Longer-Term Investors - https://finance.yahoo.com/m/f4e8e132-3405-353a-95db-de1b45b1b91b/tradr-debuts-leveraged-etfs.html</msg>
<status status="PASS" starttime="20240906 00:15:27.693" endtime="20240906 00:15:27.694"/>
</kw>
<kw name="Append To File" library="OperatingSystem">
<arg>${OUTPUT_FILE}</arg>
<arg>${headline_text} - ${headline_link}\n</arg>
<doc>Appends the given content to the specified file.</doc>
<msg timestamp="20240906 00:15:27.695" level="INFO" html="true">Appended to file '&lt;a href="file:///Users/nikitapiko/Documents/University/WU Wien/SBWL/Data Science/PROJECTS/SPX500/data-scraping/headlines.txt"&gt;/Users/nikitapiko/Documents/University/WU Wien/SBWL/Data Science/PROJECTS/SPX500/data-scraping/headlines.txt&lt;/a&gt;'.</msg>
<status status="PASS" starttime="20240906 00:15:27.694" endtime="20240906 00:15:27.695"/>
</kw>
<kw name="Log" library="BuiltIn">
<arg>"Processed headline: ${headline_text}"</arg>
<doc>Logs the given message with the given level.</doc>
<msg timestamp="20240906 00:15:27.695" level="INFO">"Processed headline: Tradr Debuts Leveraged ETFs for Longer-Term Investors"</msg>
<status status="PASS" starttime="20240906 00:15:27.695" endtime="20240906 00:15:27.695"/>
</kw>
<status status="PASS" starttime="20240906 00:15:27.668" endtime="20240906 00:15:27.695"/>
</iter>
<iter>
<var name="${headline}">&lt;selenium.webdriver.remote.webelement.WebElement (session="399b82eb-622c-45b7-9663-c9ed7eac52a6", element="30190355-22a5-4695-b1a2-6c10726af2e4")&gt;</var>
<kw name="Get Text" library="SeleniumLibrary">
<var>${headline_text}</var>
<arg>${headline}</arg>
<doc>Returns the text value of the element identified by ``locator``.</doc>
<msg timestamp="20240906 00:15:27.748" level="INFO">${headline_text} = What investors are getting wrong about the VIX right now</msg>
<status status="PASS" starttime="20240906 00:15:27.695" endtime="20240906 00:15:27.748"/>
</kw>
<kw name="Get Element Attribute" library="SeleniumLibrary">
<var>${headline_link}</var>
<arg>${headline}</arg>
<arg>href</arg>
<doc>Returns the value of ``attribute`` from the element ``locator``.</doc>
<msg timestamp="20240906 00:15:27.762" level="INFO">${headline_link} = https://finance.yahoo.com/news/what-investors-are-getting-wrong-about-the-vix-right-now-100043618.html</msg>
<status status="PASS" starttime="20240906 00:15:27.748" endtime="20240906 00:15:27.762"/>
</kw>
<kw name="Log" library="BuiltIn">
<arg>${headline_text} - ${headline_link}</arg>
<doc>Logs the given message with the given level.</doc>
<msg timestamp="20240906 00:15:27.762" level="INFO">What investors are getting wrong about the VIX right now - https://finance.yahoo.com/news/what-investors-are-getting-wrong-about-the-vix-right-now-100043618.html</msg>
<status status="PASS" starttime="20240906 00:15:27.762" endtime="20240906 00:15:27.762"/>
</kw>
<kw name="Append To File" library="OperatingSystem">
<arg>${OUTPUT_FILE}</arg>
<arg>${headline_text} - ${headline_link}\n</arg>
<doc>Appends the given content to the specified file.</doc>
<msg timestamp="20240906 00:15:27.763" level="INFO" html="true">Appended to file '&lt;a href="file:///Users/nikitapiko/Documents/University/WU Wien/SBWL/Data Science/PROJECTS/SPX500/data-scraping/headlines.txt"&gt;/Users/nikitapiko/Documents/University/WU Wien/SBWL/Data Science/PROJECTS/SPX500/data-scraping/headlines.txt&lt;/a&gt;'.</msg>
<status status="PASS" starttime="20240906 00:15:27.762" endtime="20240906 00:15:27.763"/>
</kw>
<kw name="Log" library="BuiltIn">
<arg>"Processed headline: ${headline_text}"</arg>
<doc>Logs the given message with the given level.</doc>
<msg timestamp="20240906 00:15:27.763" level="INFO">"Processed headline: What investors are getting wrong about the VIX right now"</msg>
<status status="PASS" starttime="20240906 00:15:27.763" endtime="20240906 00:15:27.763"/>
</kw>
<status status="PASS" starttime="20240906 00:15:27.695" endtime="20240906 00:15:27.763"/>
</iter>
<iter>
<var name="${headline}">&lt;selenium.webdriver.remote.webelement.WebElement (session="399b82eb-622c-45b7-9663-c9ed7eac52a6", element="e54b6065-3208-4bd6-9164-4dd897baba7f")&gt;</var>
<kw name="Get Text" library="SeleniumLibrary">
<var>${headline_text}</var>
<arg>${headline}</arg>
<doc>Returns the text value of the element identified by ``locator``.</doc>
<msg timestamp="20240906 00:15:27.769" level="INFO">${headline_text} = VOO, TLT Push August ETF Inflows to $71B</msg>
<status status="PASS" starttime="20240906 00:15:27.763" endtime="20240906 00:15:27.769"/>
</kw>
<kw name="Get Element Attribute" library="SeleniumLibrary">
<var>${headline_link}</var>
<arg>${headline}</arg>
<arg>href</arg>
<doc>Returns the value of ``attribute`` from the element ``locator``.</doc>
<msg timestamp="20240906 00:15:27.785" level="INFO">${headline_link} = https://finance.yahoo.com/m/2508d4d7-c656-3e3a-b2e7-ba0a3c0ba8b7/voo%2C-tlt-push-august-etf.html</msg>
<status status="PASS" starttime="20240906 00:15:27.770" endtime="20240906 00:15:27.785"/>
</kw>
<kw name="Log" library="BuiltIn">
<arg>${headline_text} - ${headline_link}</arg>
<doc>Logs the given message with the given level.</doc>
<msg timestamp="20240906 00:15:27.786" level="INFO">VOO, TLT Push August ETF Inflows to $71B - https://finance.yahoo.com/m/2508d4d7-c656-3e3a-b2e7-ba0a3c0ba8b7/voo%2C-tlt-push-august-etf.html</msg>
<status status="PASS" starttime="20240906 00:15:27.785" endtime="20240906 00:15:27.786"/>
</kw>
<kw name="Append To File" library="OperatingSystem">
<arg>${OUTPUT_FILE}</arg>
<arg>${headline_text} - ${headline_link}\n</arg>
<doc>Appends the given content to the specified file.</doc>
<msg timestamp="20240906 00:15:27.787" level="INFO" html="true">Appended to file '&lt;a href="file:///Users/nikitapiko/Documents/University/WU Wien/SBWL/Data Science/PROJECTS/SPX500/data-scraping/headlines.txt"&gt;/Users/nikitapiko/Documents/University/WU Wien/SBWL/Data Science/PROJECTS/SPX500/data-scraping/headlines.txt&lt;/a&gt;'.</msg>
<status status="PASS" starttime="20240906 00:15:27.786" endtime="20240906 00:15:27.787"/>
</kw>
<kw name="Log" library="BuiltIn">
<arg>"Processed headline: ${headline_text}"</arg>
<doc>Logs the given message with the given level.</doc>
<msg timestamp="20240906 00:15:27.788" level="INFO">"Processed headline: VOO, TLT Push August ETF Inflows to $71B"</msg>
<status status="PASS" starttime="20240906 00:15:27.787" endtime="20240906 00:15:27.788"/>
</kw>
<status status="PASS" starttime="20240906 00:15:27.763" endtime="20240906 00:15:27.788"/>
</iter>
<iter>
<var name="${headline}">&lt;selenium.webdriver.remote.webelement.WebElement (session="399b82eb-622c-45b7-9663-c9ed7eac52a6", element="81d02ff4-160f-4d11-9611-768df623981b")&gt;</var>
<kw name="Get Text" library="SeleniumLibrary">
<var>${headline_text}</var>
<arg>${headline}</arg>
<doc>Returns the text value of the element identified by ``locator``.</doc>
<msg timestamp="20240906 00:15:27.805" level="INFO">${headline_text} = XLU: Utilities Sector Outperforms S 500 in August</msg>
<status status="PASS" starttime="20240906 00:15:27.788" endtime="20240906 00:15:27.805"/>
</kw>
<kw name="Get Element Attribute" library="SeleniumLibrary">
<var>${headline_link}</var>
<arg>${headline}</arg>
<arg>href</arg>
<doc>Returns the value of ``attribute`` from the element ``locator``.</doc>
<msg timestamp="20240906 00:15:27.849" level="INFO">${headline_link} = https://finance.yahoo.com/m/8baae7b9-2e5f-39d1-b11c-ec9e1a911dcb/xlu%3A-utilities-sector.html</msg>
<status status="PASS" starttime="20240906 00:15:27.805" endtime="20240906 00:15:27.849"/>
</kw>
<kw name="Log" library="BuiltIn">
<arg>${headline_text} - ${headline_link}</arg>
<doc>Logs the given message with the given level.</doc>
<msg timestamp="20240906 00:15:27.850" level="INFO">XLU: Utilities Sector Outperforms S 500 in August - https://finance.yahoo.com/m/8baae7b9-2e5f-39d1-b11c-ec9e1a911dcb/xlu%3A-utilities-sector.html</msg>
<status status="PASS" starttime="20240906 00:15:27.850" endtime="20240906 00:15:27.850"/>
</kw>
<kw name="Append To File" library="OperatingSystem">
<arg>${OUTPUT_FILE}</arg>
<arg>${headline_text} - ${headline_link}\n</arg>
<doc>Appends the given content to the specified file.</doc>
<msg timestamp="20240906 00:15:27.852" level="INFO" html="true">Appended to file '&lt;a href="file:///Users/nikitapiko/Documents/University/WU Wien/SBWL/Data Science/PROJECTS/SPX500/data-scraping/headlines.txt"&gt;/Users/nikitapiko/Documents/University/WU Wien/SBWL/Data Science/PROJECTS/SPX500/data-scraping/headlines.txt&lt;/a&gt;'.</msg>
<status status="PASS" starttime="20240906 00:15:27.851" endtime="20240906 00:15:27.852"/>
</kw>
<kw name="Log" library="BuiltIn">
<arg>"Processed headline: ${headline_text}"</arg>
<doc>Logs the given message with the given level.</doc>
<msg timestamp="20240906 00:15:27.852" level="INFO">"Processed headline: XLU: Utilities Sector Outperforms S 500 in August"</msg>
<status status="PASS" starttime="20240906 00:15:27.852" endtime="20240906 00:15:27.853"/>
</kw>
<status status="PASS" starttime="20240906 00:15:27.788" endtime="20240906 00:15:27.853"/>
</iter>
<iter>
<var name="${headline}">&lt;selenium.webdriver.remote.webelement.WebElement (session="399b82eb-622c-45b7-9663-c9ed7eac52a6", element="0a2156d3-f204-44a8-903e-6566f862850f")&gt;</var>
<kw name="Get Text" library="SeleniumLibrary">
<var>${headline_text}</var>
<arg>${headline}</arg>
<doc>Returns the text value of the element identified by ``locator``.</doc>
<msg timestamp="20240906 00:15:27.870" level="INFO">${headline_text} = Crucial jobs report kicks off a new month: What to know this week</msg>
<status status="PASS" starttime="20240906 00:15:27.853" endtime="20240906 00:15:27.870"/>
</kw>
<kw name="Get Element Attribute" library="SeleniumLibrary">
<var>${headline_link}</var>
<arg>${headline}</arg>
<arg>href</arg>
<doc>Returns the value of ``attribute`` from the element ``locator``.</doc>
<msg timestamp="20240906 00:15:27.883" level="INFO">${headline_link} = https://finance.yahoo.com/news/crucial-jobs-report-kicks-off-a-new-month-what-to-know-this-week-104502430.html</msg>
<status status="PASS" starttime="20240906 00:15:27.870" endtime="20240906 00:15:27.883"/>
</kw>
<kw name="Log" library="BuiltIn">
<arg>${headline_text} - ${headline_link}</arg>
<doc>Logs the given message with the given level.</doc>
<msg timestamp="20240906 00:15:27.884" level="INFO">Crucial jobs report kicks off a new month: What to know this week - https://finance.yahoo.com/news/crucial-jobs-report-kicks-off-a-new-month-what-to-know-this-week-104502430.html</msg>
<status status="PASS" starttime="20240906 00:15:27.883" endtime="20240906 00:15:27.884"/>
</kw>
<kw name="Append To File" library="OperatingSystem">
<arg>${OUTPUT_FILE}</arg>
<arg>${headline_text} - ${headline_link}\n</arg>
<doc>Appends the given content to the specified file.</doc>
<msg timestamp="20240906 00:15:27.884" level="INFO" html="true">Appended to file '&lt;a href="file:///Users/nikitapiko/Documents/University/WU Wien/SBWL/Data Science/PROJECTS/SPX500/data-scraping/headlines.txt"&gt;/Users/nikitapiko/Documents/University/WU Wien/SBWL/Data Science/PROJECTS/SPX500/data-scraping/headlines.txt&lt;/a&gt;'.</msg>
<status status="PASS" starttime="20240906 00:15:27.884" endtime="20240906 00:15:27.885"/>
</kw>
<kw name="Log" library="BuiltIn">
<arg>"Processed headline: ${headline_text}"</arg>
<doc>Logs the given message with the given level.</doc>
<msg timestamp="20240906 00:15:27.885" level="INFO">"Processed headline: Crucial jobs report kicks off a new month: What to know this week"</msg>
<status status="PASS" starttime="20240906 00:15:27.885" endtime="20240906 00:15:27.885"/>
</kw>
<status status="PASS" starttime="20240906 00:15:27.853" endtime="20240906 00:15:27.885"/>
</iter>
<iter>
<var name="${headline}">&lt;selenium.webdriver.remote.webelement.WebElement (session="399b82eb-622c-45b7-9663-c9ed7eac52a6", element="89764c63-da09-4873-b5b4-86b0765f42f2")&gt;</var>
<kw name="Get Text" library="SeleniumLibrary">
<var>${headline_text}</var>
<arg>${headline}</arg>
<doc>Returns the text value of the element identified by ``locator``.</doc>
<msg timestamp="20240906 00:15:27.892" level="INFO">${headline_text} = Crucial September jobs report kicks off a new month: What to know this week</msg>
<status status="PASS" starttime="20240906 00:15:27.885" endtime="20240906 00:15:27.892"/>
</kw>
<kw name="Get Element Attribute" library="SeleniumLibrary">
<var>${headline_link}</var>
<arg>${headline}</arg>
<arg>href</arg>
<doc>Returns the value of ``attribute`` from the element ``locator``.</doc>
<msg timestamp="20240906 00:15:28.032" level="INFO">${headline_link} = https://finance.yahoo.com/news/crucial-september-jobs-report-kicks-off-a-new-month-what-to-know-this-week-123345608.html</msg>
<status status="PASS" starttime="20240906 00:15:27.893" endtime="20240906 00:15:28.032"/>
</kw>
<kw name="Log" library="BuiltIn">
<arg>${headline_text} - ${headline_link}</arg>
<doc>Logs the given message with the given level.</doc>
<msg timestamp="20240906 00:15:28.033" level="INFO">Crucial September jobs report kicks off a new month: What to know this week - https://finance.yahoo.com/news/crucial-september-jobs-report-kicks-off-a-new-month-what-to-know-this-week-123345608.html</msg>
<status status="PASS" starttime="20240906 00:15:28.033" endtime="20240906 00:15:28.033"/>
</kw>
<kw name="Append To File" library="OperatingSystem">
<arg>${OUTPUT_FILE}</arg>
<arg>${headline_text} - ${headline_link}\n</arg>
<doc>Appends the given content to the specified file.</doc>
<msg timestamp="20240906 00:15:28.034" level="INFO" html="true">Appended to file '&lt;a href="file:///Users/nikitapiko/Documents/University/WU Wien/SBWL/Data Science/PROJECTS/SPX500/data-scraping/headlines.txt"&gt;/Users/nikitapiko/Documents/University/WU Wien/SBWL/Data Science/PROJECTS/SPX500/data-scraping/headlines.txt&lt;/a&gt;'.</msg>
<status status="PASS" starttime="20240906 00:15:28.033" endtime="20240906 00:15:28.034"/>
</kw>
<kw name="Log" library="BuiltIn">
<arg>"Processed headline: ${headline_text}"</arg>
<doc>Logs the given message with the given level.</doc>
<msg timestamp="20240906 00:15:28.035" level="INFO">"Processed headline: Crucial September jobs report kicks off a new month: What to know this week"</msg>
<status status="PASS" starttime="20240906 00:15:28.034" endtime="20240906 00:15:28.035"/>
</kw>
<status status="PASS" starttime="20240906 00:15:27.885" endtime="20240906 00:15:28.035"/>
</iter>
<iter>
<var name="${headline}">&lt;selenium.webdriver.remote.webelement.WebElement (session="399b82eb-622c-45b7-9663-c9ed7eac52a6", element="ca4246fa-91b8-4496-947b-7b7b9437bbbd")&gt;</var>
<kw name="Get Text" library="SeleniumLibrary">
<var>${headline_text}</var>
<arg>${headline}</arg>
<doc>Returns the text value of the element identified by ``locator``.</doc>
<msg timestamp="20240906 00:15:28.058" level="INFO">${headline_text} = Why investors turn to ETFs during times of market stress</msg>
<status status="PASS" starttime="20240906 00:15:28.035" endtime="20240906 00:15:28.058"/>
</kw>
<kw name="Get Element Attribute" library="SeleniumLibrary">
<var>${headline_link}</var>
<arg>${headline}</arg>
<arg>href</arg>
<doc>Returns the value of ``attribute`` from the element ``locator``.</doc>
<msg timestamp="20240906 00:15:28.074" level="INFO">${headline_link} = https://finance.yahoo.com/news/why-investors-turn-to-etfs-during-times-of-market-stress-190447871.html</msg>
<status status="PASS" starttime="20240906 00:15:28.058" endtime="20240906 00:15:28.074"/>
</kw>
<kw name="Log" library="BuiltIn">
<arg>${headline_text} - ${headline_link}</arg>
<doc>Logs the given message with the given level.</doc>
<msg timestamp="20240906 00:15:28.075" level="INFO">Why investors turn to ETFs during times of market stress - https://finance.yahoo.com/news/why-investors-turn-to-etfs-during-times-of-market-stress-190447871.html</msg>
<status status="PASS" starttime="20240906 00:15:28.074" endtime="20240906 00:15:28.075"/>
</kw>
<kw name="Append To File" library="OperatingSystem">
<arg>${OUTPUT_FILE}</arg>
<arg>${headline_text} - ${headline_link}\n</arg>
<doc>Appends the given content to the specified file.</doc>
<msg timestamp="20240906 00:15:28.076" level="INFO" html="true">Appended to file '&lt;a href="file:///Users/nikitapiko/Documents/University/WU Wien/SBWL/Data Science/PROJECTS/SPX500/data-scraping/headlines.txt"&gt;/Users/nikitapiko/Documents/University/WU Wien/SBWL/Data Science/PROJECTS/SPX500/data-scraping/headlines.txt&lt;/a&gt;'.</msg>
<status status="PASS" starttime="20240906 00:15:28.075" endtime="20240906 00:15:28.076"/>
</kw>
<kw name="Log" library="BuiltIn">
<arg>"Processed headline: ${headline_text}"</arg>
<doc>Logs the given message with the given level.</doc>
<msg timestamp="20240906 00:15:28.077" level="INFO">"Processed headline: Why investors turn to ETFs during times of market stress"</msg>
<status status="PASS" starttime="20240906 00:15:28.076" endtime="20240906 00:15:28.077"/>
</kw>
<status status="PASS" starttime="20240906 00:15:28.035" endtime="20240906 00:15:28.077"/>
</iter>
<iter>
<var name="${headline}">&lt;selenium.webdriver.remote.webelement.WebElement (session="399b82eb-622c-45b7-9663-c9ed7eac52a6", element="6824a976-c37f-4483-8ea0-23d86a411772")&gt;</var>
<kw name="Get Text" library="SeleniumLibrary">
<var>${headline_text}</var>
<arg>${headline}</arg>
<doc>Returns the text value of the element identified by ``locator``.</doc>
<msg timestamp="20240906 00:15:28.101" level="INFO">${headline_text} = Want to Get Your Portfolio to $1 Million by Retirement? Here's How Much You Should Invest Every Month</msg>
<status status="PASS" starttime="20240906 00:15:28.077" endtime="20240906 00:15:28.101"/>
</kw>
<kw name="Get Element Attribute" library="SeleniumLibrary">
<var>${headline_link}</var>
<arg>${headline}</arg>
<arg>href</arg>
<doc>Returns the value of ``attribute`` from the element ``locator``.</doc>
<msg timestamp="20240906 00:15:28.113" level="INFO">${headline_link} = https://finance.yahoo.com/m/98ee529d-9f27-3b81-99ae-7ea1b09eed81/want-to-get-your-portfolio-to.html</msg>
<status status="PASS" starttime="20240906 00:15:28.101" endtime="20240906 00:15:28.113"/>
</kw>
<kw name="Log" library="BuiltIn">
<arg>${headline_text} - ${headline_link}</arg>
<doc>Logs the given message with the given level.</doc>
<msg timestamp="20240906 00:15:28.114" level="INFO">Want to Get Your Portfolio to $1 Million by Retirement? Here's How Much You Should Invest Every Month - https://finance.yahoo.com/m/98ee529d-9f27-3b81-99ae-7ea1b09eed81/want-to-get-your-portfolio-to.html</msg>
<status status="PASS" starttime="20240906 00:15:28.114" endtime="20240906 00:15:28.114"/>
</kw>
<kw name="Append To File" library="OperatingSystem">
<arg>${OUTPUT_FILE}</arg>
<arg>${headline_text} - ${headline_link}\n</arg>
<doc>Appends the given content to the specified file.</doc>
<msg timestamp="20240906 00:15:28.115" level="INFO" html="true">Appended to file '&lt;a href="file:///Users/nikitapiko/Documents/University/WU Wien/SBWL/Data Science/PROJECTS/SPX500/data-scraping/headlines.txt"&gt;/Users/nikitapiko/Documents/University/WU Wien/SBWL/Data Science/PROJECTS/SPX500/data-scraping/headlines.txt&lt;/a&gt;'.</msg>
<status status="PASS" starttime="20240906 00:15:28.114" endtime="20240906 00:15:28.115"/>
</kw>
<kw name="Log" library="BuiltIn">
<arg>"Processed headline: ${headline_text}"</arg>
<doc>Logs the given message with the given level.</doc>
<msg timestamp="20240906 00:15:28.116" level="INFO">"Processed headline: Want to Get Your Portfolio to $1 Million by Retirement? Here's How Much You Should Invest Every Month"</msg>
<status status="PASS" starttime="20240906 00:15:28.116" endtime="20240906 00:15:28.116"/>
</kw>
<status status="PASS" starttime="20240906 00:15:28.077" endtime="20240906 00:15:28.117"/>
</iter>
<iter>
<var name="${headline}">&lt;selenium.webdriver.remote.webelement.WebElement (session="399b82eb-622c-45b7-9663-c9ed7eac52a6", element="a6e7c3c5-65cf-4270-a7c9-c3c742184635")&gt;</var>
<kw name="Get Text" library="SeleniumLibrary">
<var>${headline_text}</var>
<arg>${headline}</arg>
<doc>Returns the text value of the element identified by ``locator``.</doc>
<msg timestamp="20240906 00:15:28.125" level="INFO">${headline_text} = Pessimism among retail investors increases, AAII survey shows</msg>
<status status="PASS" starttime="20240906 00:15:28.117" endtime="20240906 00:15:28.125"/>
</kw>
<kw name="Get Element Attribute" library="SeleniumLibrary">
<var>${headline_link}</var>
<arg>${headline}</arg>
<arg>href</arg>
<doc>Returns the value of ``attribute`` from the element ``locator``.</doc>
<msg timestamp="20240906 00:15:28.137" level="INFO">${headline_link} = https://finance.yahoo.com/news/pessimism-among-retail-investors-increases-160438621.html</msg>
<status status="PASS" starttime="20240906 00:15:28.126" endtime="20240906 00:15:28.137"/>
</kw>
<kw name="Log" library="BuiltIn">
<arg>${headline_text} - ${headline_link}</arg>
<doc>Logs the given message with the given level.</doc>
<msg timestamp="20240906 00:15:28.138" level="INFO">Pessimism among retail investors increases, AAII survey shows - https://finance.yahoo.com/news/pessimism-among-retail-investors-increases-160438621.html</msg>
<status status="PASS" starttime="20240906 00:15:28.138" endtime="20240906 00:15:28.138"/>
</kw>
<kw name="Append To File" library="OperatingSystem">
<arg>${OUTPUT_FILE}</arg>
<arg>${headline_text} - ${headline_link}\n</arg>
<doc>Appends the given content to the specified file.</doc>
<msg timestamp="20240906 00:15:28.139" level="INFO" html="true">Appended to file '&lt;a href="file:///Users/nikitapiko/Documents/University/WU Wien/SBWL/Data Science/PROJECTS/SPX500/data-scraping/headlines.txt"&gt;/Users/nikitapiko/Documents/University/WU Wien/SBWL/Data Science/PROJECTS/SPX500/data-scraping/headlines.txt&lt;/a&gt;'.</msg>
<status status="PASS" starttime="20240906 00:15:28.139" endtime="20240906 00:15:28.139"/>
</kw>
<kw name="Log" library="BuiltIn">
<arg>"Processed headline: ${headline_text}"</arg>
<doc>Logs the given message with the given level.</doc>
<msg timestamp="20240906 00:15:28.140" level="INFO">"Processed headline: Pessimism among retail investors increases, AAII survey shows"</msg>
<status status="PASS" starttime="20240906 00:15:28.140" endtime="20240906 00:15:28.140"/>
</kw>
<status status="PASS" starttime="20240906 00:15:28.117" endtime="20240906 00:15:28.140"/>
</iter>
<iter>
<var name="${headline}">&lt;selenium.webdriver.remote.webelement.WebElement (session="399b82eb-622c-45b7-9663-c9ed7eac52a6", element="cd960b65-67f8-4202-b286-5b4ca427f0c9")&gt;</var>
<kw name="Get Text" library="SeleniumLibrary">
<var>${headline_text}</var>
<arg>${headline}</arg>
<doc>Returns the text value of the element identified by ``locator``.</doc>
<msg timestamp="20240906 00:15:28.148" level="INFO">${headline_text} = Worry more about the AI bubble burst than US recession: strategists</msg>
<status status="PASS" starttime="20240906 00:15:28.141" endtime="20240906 00:15:28.148"/>
</kw>
<kw name="Get Element Attribute" library="SeleniumLibrary">
<var>${headline_link}</var>
<arg>${headline}</arg>
<arg>href</arg>
<doc>Returns the value of ``attribute`` from the element ``locator``.</doc>
<msg timestamp="20240906 00:15:28.160" level="INFO">${headline_link} = https://finance.yahoo.com/news/worry-more-ai-bubble-burst-134039564.html</msg>
<status status="PASS" starttime="20240906 00:15:28.148" endtime="20240906 00:15:28.160"/>
</kw>
<kw name="Log" library="BuiltIn">
<arg>${headline_text} - ${headline_link}</arg>
<doc>Logs the given message with the given level.</doc>
<msg timestamp="20240906 00:15:28.161" level="INFO">Worry more about the AI bubble burst than US recession: strategists - https://finance.yahoo.com/news/worry-more-ai-bubble-burst-134039564.html</msg>
<status status="PASS" starttime="20240906 00:15:28.160" endtime="20240906 00:15:28.161"/>
</kw>
<kw name="Append To File" library="OperatingSystem">
<arg>${OUTPUT_FILE}</arg>
<arg>${headline_text} - ${headline_link}\n</arg>
<doc>Appends the given content to the specified file.</doc>
<msg timestamp="20240906 00:15:28.162" level="INFO" html="true">Appended to file '&lt;a href="file:///Users/nikitapiko/Documents/University/WU Wien/SBWL/Data Science/PROJECTS/SPX500/data-scraping/headlines.txt"&gt;/Users/nikitapiko/Documents/University/WU Wien/SBWL/Data Science/PROJECTS/SPX500/data-scraping/headlines.txt&lt;/a&gt;'.</msg>
<status status="PASS" starttime="20240906 00:15:28.161" endtime="20240906 00:15:28.162"/>
</kw>
<kw name="Log" library="BuiltIn">
<arg>"Processed headline: ${headline_text}"</arg>
<doc>Logs the given message with the given level.</doc>
<msg timestamp="20240906 00:15:28.163" level="INFO">"Processed headline: Worry more about the AI bubble burst than US recession: strategists"</msg>
<status status="PASS" starttime="20240906 00:15:28.162" endtime="20240906 00:15:28.163"/>
</kw>
<status status="PASS" starttime="20240906 00:15:28.141" endtime="20240906 00:15:28.163"/>
</iter>
<iter>
<var name="${headline}">&lt;selenium.webdriver.remote.webelement.WebElement (session="399b82eb-622c-45b7-9663-c9ed7eac52a6", element="05fd9417-5dc3-403a-b3c1-8e19cae91a4e")&gt;</var>
<kw name="Get Text" library="SeleniumLibrary">
<var>${headline_text}</var>
<arg>${headline}</arg>
<doc>Returns the text value of the element identified by ``locator``.</doc>
<msg timestamp="20240906 00:15:28.170" level="INFO">${headline_text} = Investors Funnel $2.2B Into These 5 Real Estate ETFs In Anticipation Of Fed Rate Cuts</msg>
<status status="PASS" starttime="20240906 00:15:28.163" endtime="20240906 00:15:28.170"/>
</kw>
<kw name="Get Element Attribute" library="SeleniumLibrary">
<var>${headline_link}</var>
<arg>${headline}</arg>
<arg>href</arg>
<doc>Returns the value of ``attribute`` from the element ``locator``.</doc>
<msg timestamp="20240906 00:15:28.180" level="INFO">${headline_link} = https://finance.yahoo.com/news/investors-funnel-2-2b-5-130020074.html</msg>
<status status="PASS" starttime="20240906 00:15:28.170" endtime="20240906 00:15:28.180"/>
</kw>
<kw name="Log" library="BuiltIn">
<arg>${headline_text} - ${headline_link}</arg>
<doc>Logs the given message with the given level.</doc>
<msg timestamp="20240906 00:15:28.180" level="INFO">Investors Funnel $2.2B Into These 5 Real Estate ETFs In Anticipation Of Fed Rate Cuts - https://finance.yahoo.com/news/investors-funnel-2-2b-5-130020074.html</msg>
<status status="PASS" starttime="20240906 00:15:28.180" endtime="20240906 00:15:28.181"/>
</kw>
<kw name="Append To File" library="OperatingSystem">
<arg>${OUTPUT_FILE}</arg>
<arg>${headline_text} - ${headline_link}\n</arg>
<doc>Appends the given content to the specified file.</doc>
<msg timestamp="20240906 00:15:28.181" level="INFO" html="true">Appended to file '&lt;a href="file:///Users/nikitapiko/Documents/University/WU Wien/SBWL/Data Science/PROJECTS/SPX500/data-scraping/headlines.txt"&gt;/Users/nikitapiko/Documents/University/WU Wien/SBWL/Data Science/PROJECTS/SPX500/data-scraping/headlines.txt&lt;/a&gt;'.</msg>
<status status="PASS" starttime="20240906 00:15:28.181" endtime="20240906 00:15:28.182"/>
</kw>
<kw name="Log" library="BuiltIn">
<arg>"Processed headline: ${headline_text}"</arg>
<doc>Logs the given message with the given level.</doc>
<msg timestamp="20240906 00:15:28.183" level="INFO">"Processed headline: Investors Funnel $2.2B Into These 5 Real Estate ETFs In Anticipation Of Fed Rate Cuts"</msg>
<status status="PASS" starttime="20240906 00:15:28.182" endtime="20240906 00:15:28.183"/>
</kw>
<status status="PASS" starttime="20240906 00:15:28.163" endtime="20240906 00:15:28.183"/>
</iter>
<iter>
<var name="${headline}">&lt;selenium.webdriver.remote.webelement.WebElement (session="399b82eb-622c-45b7-9663-c9ed7eac52a6", element="183bf294-7526-4d0f-ab04-54fe77528ffc")&gt;</var>
<kw name="Get Text" library="SeleniumLibrary">
<var>${headline_text}</var>
<arg>${headline}</arg>
<doc>Returns the text value of the element identified by ``locator``.</doc>
<msg timestamp="20240906 00:15:28.190" level="INFO">${headline_text} = Why gold is outperforming nearly everything so far this year</msg>
<status status="PASS" starttime="20240906 00:15:28.183" endtime="20240906 00:15:28.190"/>
</kw>
<kw name="Get Element Attribute" library="SeleniumLibrary">
<var>${headline_link}</var>
<arg>${headline}</arg>
<arg>href</arg>
<doc>Returns the value of ``attribute`` from the element ``locator``.</doc>
<msg timestamp="20240906 00:15:28.212" level="INFO">${headline_link} = https://finance.yahoo.com/news/why-gold-is-outperforming-nearly-everything-so-far-this-year-100022695.html</msg>
<status status="PASS" starttime="20240906 00:15:28.191" endtime="20240906 00:15:28.212"/>
</kw>
<kw name="Log" library="BuiltIn">
<arg>${headline_text} - ${headline_link}</arg>
<doc>Logs the given message with the given level.</doc>
<msg timestamp="20240906 00:15:28.212" level="INFO">Why gold is outperforming nearly everything so far this year - https://finance.yahoo.com/news/why-gold-is-outperforming-nearly-everything-so-far-this-year-100022695.html</msg>
<status status="PASS" starttime="20240906 00:15:28.212" endtime="20240906 00:15:28.213"/>
</kw>
<kw name="Append To File" library="OperatingSystem">
<arg>${OUTPUT_FILE}</arg>
<arg>${headline_text} - ${headline_link}\n</arg>
<doc>Appends the given content to the specified file.</doc>
<msg timestamp="20240906 00:15:28.214" level="INFO" html="true">Appended to file '&lt;a href="file:///Users/nikitapiko/Documents/University/WU Wien/SBWL/Data Science/PROJECTS/SPX500/data-scraping/headlines.txt"&gt;/Users/nikitapiko/Documents/University/WU Wien/SBWL/Data Science/PROJECTS/SPX500/data-scraping/headlines.txt&lt;/a&gt;'.</msg>
<status status="PASS" starttime="20240906 00:15:28.213" endtime="20240906 00:15:28.214"/>
</kw>
<kw name="Log" library="BuiltIn">
<arg>"Processed headline: ${headline_text}"</arg>
<doc>Logs the given message with the given level.</doc>
<msg timestamp="20240906 00:15:28.215" level="INFO">"Processed headline: Why gold is outperforming nearly everything so far this year"</msg>
<status status="PASS" starttime="20240906 00:15:28.214" endtime="20240906 00:15:28.215"/>
</kw>
<status status="PASS" starttime="20240906 00:15:28.183" endtime="20240906 00:15:28.215"/>
</iter>
<iter>
<var name="${headline}">&lt;selenium.webdriver.remote.webelement.WebElement (session="399b82eb-622c-45b7-9663-c9ed7eac52a6", element="fb4ba362-b8e1-4365-b8f8-92eb9ba64491")&gt;</var>
<kw name="Get Text" library="SeleniumLibrary">
<var>${headline_text}</var>
<arg>${headline}</arg>
<doc>Returns the text value of the element identified by ``locator``.</doc>
<msg timestamp="20240906 00:15:28.243" level="INFO">${headline_text} = The Stock Market Is the Greatest Wealth Generator Ever Devised. Here's Proof.</msg>
<status status="PASS" starttime="20240906 00:15:28.215" endtime="20240906 00:15:28.243"/>
</kw>
<kw name="Get Element Attribute" library="SeleniumLibrary">
<var>${headline_link}</var>
<arg>${headline}</arg>
<arg>href</arg>
<doc>Returns the value of ``attribute`` from the element ``locator``.</doc>
<msg timestamp="20240906 00:15:28.255" level="INFO">${headline_link} = https://finance.yahoo.com/m/b49349a7-8549-3a63-9804-3040e2f87f6e/the-stock-market-is-the.html</msg>
<status status="PASS" starttime="20240906 00:15:28.243" endtime="20240906 00:15:28.255"/>
</kw>
<kw name="Log" library="BuiltIn">
<arg>${headline_text} - ${headline_link}</arg>
<doc>Logs the given message with the given level.</doc>
<msg timestamp="20240906 00:15:28.257" level="INFO">The Stock Market Is the Greatest Wealth Generator Ever Devised. Here's Proof. - https://finance.yahoo.com/m/b49349a7-8549-3a63-9804-3040e2f87f6e/the-stock-market-is-the.html</msg>
<status status="PASS" starttime="20240906 00:15:28.256" endtime="20240906 00:15:28.257"/>
</kw>
<kw name="Append To File" library="OperatingSystem">
<arg>${OUTPUT_FILE}</arg>
<arg>${headline_text} - ${headline_link}\n</arg>
<doc>Appends the given content to the specified file.</doc>
<msg timestamp="20240906 00:15:28.259" level="INFO" html="true">Appended to file '&lt;a href="file:///Users/nikitapiko/Documents/University/WU Wien/SBWL/Data Science/PROJECTS/SPX500/data-scraping/headlines.txt"&gt;/Users/nikitapiko/Documents/University/WU Wien/SBWL/Data Science/PROJECTS/SPX500/data-scraping/headlines.txt&lt;/a&gt;'.</msg>
<status status="PASS" starttime="20240906 00:15:28.257" endtime="20240906 00:15:28.261"/>
</kw>
<kw name="Log" library="BuiltIn">
<arg>"Processed headline: ${headline_text}"</arg>
<doc>Logs the given message with the given level.</doc>
<msg timestamp="20240906 00:15:28.262" level="INFO">"Processed headline: The Stock Market Is the Greatest Wealth Generator Ever Devised. Here's Proof."</msg>
<status status="PASS" starttime="20240906 00:15:28.262" endtime="20240906 00:15:28.263"/>
</kw>
<status status="PASS" starttime="20240906 00:15:28.215" endtime="20240906 00:15:28.263"/>
</iter>
<iter>
<var name="${headline}">&lt;selenium.webdriver.remote.webelement.WebElement (session="399b82eb-622c-45b7-9663-c9ed7eac52a6", element="ec883745-ee5e-4c98-b73c-9ac438b012d7")&gt;</var>
<kw name="Get Text" library="SeleniumLibrary">
<var>${headline_text}</var>
<arg>${headline}</arg>
<doc>Returns the text value of the element identified by ``locator``.</doc>
<msg timestamp="20240906 00:15:28.270" level="INFO">${headline_text} = BCA assigns 55% chance that Trump will win the presidency in November</msg>
<status status="PASS" starttime="20240906 00:15:28.263" endtime="20240906 00:15:28.270"/>
</kw>
<kw name="Get Element Attribute" library="SeleniumLibrary">
<var>${headline_link}</var>
<arg>${headline}</arg>
<arg>href</arg>
<doc>Returns the value of ``attribute`` from the element ``locator``.</doc>
<msg timestamp="20240906 00:15:28.283" level="INFO">${headline_link} = https://finance.yahoo.com/news/bca-assigns-55-chance-trump-144648323.html</msg>
<status status="PASS" starttime="20240906 00:15:28.270" endtime="20240906 00:15:28.283"/>
</kw>
<kw name="Log" library="BuiltIn">
<arg>${headline_text} - ${headline_link}</arg>
<doc>Logs the given message with the given level.</doc>
<msg timestamp="20240906 00:15:28.284" level="INFO">BCA assigns 55% chance that Trump will win the presidency in November - https://finance.yahoo.com/news/bca-assigns-55-chance-trump-144648323.html</msg>
<status status="PASS" starttime="20240906 00:15:28.284" endtime="20240906 00:15:28.284"/>
</kw>
<kw name="Append To File" library="OperatingSystem">
<arg>${OUTPUT_FILE}</arg>
<arg>${headline_text} - ${headline_link}\n</arg>
<doc>Appends the given content to the specified file.</doc>
<msg timestamp="20240906 00:15:28.285" level="INFO" html="true">Appended to file '&lt;a href="file:///Users/nikitapiko/Documents/University/WU Wien/SBWL/Data Science/PROJECTS/SPX500/data-scraping/headlines.txt"&gt;/Users/nikitapiko/Documents/University/WU Wien/SBWL/Data Science/PROJECTS/SPX500/data-scraping/headlines.txt&lt;/a&gt;'.</msg>
<status status="PASS" starttime="20240906 00:15:28.284" endtime="20240906 00:15:28.285"/>
</kw>
<kw name="Log" library="BuiltIn">
<arg>"Processed headline: ${headline_text}"</arg>
<doc>Logs the given message with the given level.</doc>
<msg timestamp="20240906 00:15:28.286" level="INFO">"Processed headline: BCA assigns 55% chance that Trump will win the presidency in November"</msg>
<status status="PASS" starttime="20240906 00:15:28.285" endtime="20240906 00:15:28.286"/>
</kw>
<status status="PASS" starttime="20240906 00:15:28.263" endtime="20240906 00:15:28.286"/>
</iter>
<iter>
<var name="${headline}">&lt;selenium.webdriver.remote.webelement.WebElement (session="399b82eb-622c-45b7-9663-c9ed7eac52a6", element="2b670497-48cc-42f4-92d9-675acd6f8739")&gt;</var>
<kw name="Get Text" library="SeleniumLibrary">
<var>${headline_text}</var>
<arg>${headline}</arg>
<doc>Returns the text value of the element identified by ``locator``.</doc>
<msg timestamp="20240906 00:15:28.304" level="INFO">${headline_text} = Nvidias Earnings: Biggest News of the Week for ETFs</msg>
<status status="PASS" starttime="20240906 00:15:28.286" endtime="20240906 00:15:28.304"/>
</kw>
<kw name="Get Element Attribute" library="SeleniumLibrary">
<var>${headline_link}</var>
<arg>${headline}</arg>
<arg>href</arg>
<doc>Returns the value of ``attribute`` from the element ``locator``.</doc>
<msg timestamp="20240906 00:15:28.328" level="INFO">${headline_link} = https://finance.yahoo.com/m/dd27993c-8d37-39ac-805d-8864aaa42596/nvidia%E2%80%99s-earnings%3A-biggest.html</msg>
<status status="PASS" starttime="20240906 00:15:28.304" endtime="20240906 00:15:28.328"/>
</kw>
<kw name="Log" library="BuiltIn">
<arg>${headline_text} - ${headline_link}</arg>
<doc>Logs the given message with the given level.</doc>
<msg timestamp="20240906 00:15:28.329" level="INFO">Nvidias Earnings: Biggest News of the Week for ETFs - https://finance.yahoo.com/m/dd27993c-8d37-39ac-805d-8864aaa42596/nvidia%E2%80%99s-earnings%3A-biggest.html</msg>
<status status="PASS" starttime="20240906 00:15:28.329" endtime="20240906 00:15:28.329"/>
</kw>
<kw name="Append To File" library="OperatingSystem">
<arg>${OUTPUT_FILE}</arg>
<arg>${headline_text} - ${headline_link}\n</arg>
<doc>Appends the given content to the specified file.</doc>
<msg timestamp="20240906 00:15:28.331" level="INFO" html="true">Appended to file '&lt;a href="file:///Users/nikitapiko/Documents/University/WU Wien/SBWL/Data Science/PROJECTS/SPX500/data-scraping/headlines.txt"&gt;/Users/nikitapiko/Documents/University/WU Wien/SBWL/Data Science/PROJECTS/SPX500/data-scraping/headlines.txt&lt;/a&gt;'.</msg>
<status status="PASS" starttime="20240906 00:15:28.330" endtime="20240906 00:15:28.331"/>
</kw>
<kw name="Log" library="BuiltIn">
<arg>"Processed headline: ${headline_text}"</arg>
<doc>Logs the given message with the given level.</doc>
<msg timestamp="20240906 00:15:28.331" level="INFO">"Processed headline: Nvidias Earnings: Biggest News of the Week for ETFs"</msg>
<status status="PASS" starttime="20240906 00:15:28.331" endtime="20240906 00:15:28.331"/>
</kw>
<status status="PASS" starttime="20240906 00:15:28.286" endtime="20240906 00:15:28.331"/>
</iter>
<iter>
<var name="${headline}">&lt;selenium.webdriver.remote.webelement.WebElement (session="399b82eb-622c-45b7-9663-c9ed7eac52a6", element="ee17d034-3ecf-40f5-82b5-9f2fd0913287")&gt;</var>
<kw name="Get Text" library="SeleniumLibrary">
<var>${headline_text}</var>
<arg>${headline}</arg>
<doc>Returns the text value of the element identified by ``locator``.</doc>
<msg timestamp="20240906 00:15:28.337" level="INFO">${headline_text} = Should SPDR S&amp;P 500 ETF (SPY) Be on Your Investing Radar?</msg>
<status status="PASS" starttime="20240906 00:15:28.332" endtime="20240906 00:15:28.337"/>
</kw>
<kw name="Get Element Attribute" library="SeleniumLibrary">
<var>${headline_link}</var>
<arg>${headline}</arg>
<arg>href</arg>
<doc>Returns the value of ``attribute`` from the element ``locator``.</doc>
<msg timestamp="20240906 00:15:28.354" level="INFO">${headline_link} = https://finance.yahoo.com/news/spdr-p-500-etf-spy-102007136.html</msg>
<status status="PASS" starttime="20240906 00:15:28.337" endtime="20240906 00:15:28.354"/>
</kw>
<kw name="Log" library="BuiltIn">
<arg>${headline_text} - ${headline_link}</arg>
<doc>Logs the given message with the given level.</doc>
<msg timestamp="20240906 00:15:28.355" level="INFO">Should SPDR S&amp;P 500 ETF (SPY) Be on Your Investing Radar? - https://finance.yahoo.com/news/spdr-p-500-etf-spy-102007136.html</msg>
<status status="PASS" starttime="20240906 00:15:28.354" endtime="20240906 00:15:28.355"/>
</kw>
<kw name="Append To File" library="OperatingSystem">
<arg>${OUTPUT_FILE}</arg>
<arg>${headline_text} - ${headline_link}\n</arg>
<doc>Appends the given content to the specified file.</doc>
<msg timestamp="20240906 00:15:28.356" level="INFO" html="true">Appended to file '&lt;a href="file:///Users/nikitapiko/Documents/University/WU Wien/SBWL/Data Science/PROJECTS/SPX500/data-scraping/headlines.txt"&gt;/Users/nikitapiko/Documents/University/WU Wien/SBWL/Data Science/PROJECTS/SPX500/data-scraping/headlines.txt&lt;/a&gt;'.</msg>
<status status="PASS" starttime="20240906 00:15:28.355" endtime="20240906 00:15:28.356"/>
</kw>
<kw name="Log" library="BuiltIn">
<arg>"Processed headline: ${headline_text}"</arg>
<doc>Logs the given message with the given level.</doc>
<msg timestamp="20240906 00:15:28.357" level="INFO">"Processed headline: Should SPDR S&amp;P 500 ETF (SPY) Be on Your Investing Radar?"</msg>
<status status="PASS" starttime="20240906 00:15:28.356" endtime="20240906 00:15:28.357"/>
</kw>
<status status="PASS" starttime="20240906 00:15:28.332" endtime="20240906 00:15:28.357"/>
</iter>
<iter>
<var name="${headline}">&lt;selenium.webdriver.remote.webelement.WebElement (session="399b82eb-622c-45b7-9663-c9ed7eac52a6", element="afdb5219-bf62-40b7-84fe-8f2b7117cd9d")&gt;</var>
<kw name="Get Text" library="SeleniumLibrary">
<var>${headline_text}</var>
<arg>${headline}</arg>
<doc>Returns the text value of the element identified by ``locator``.</doc>
<msg timestamp="20240906 00:15:28.365" level="INFO">${headline_text} = Powells latest pivot wont be his last</msg>
<status status="PASS" starttime="20240906 00:15:28.357" endtime="20240906 00:15:28.366"/>
</kw>
<kw name="Get Element Attribute" library="SeleniumLibrary">
<var>${headline_link}</var>
<arg>${headline}</arg>
<arg>href</arg>
<doc>Returns the value of ``attribute`` from the element ``locator``.</doc>
<msg timestamp="20240906 00:15:28.381" level="INFO">${headline_link} = https://finance.yahoo.com/news/powell-latest-pivot-won-t-090520027.html</msg>
<status status="PASS" starttime="20240906 00:15:28.366" endtime="20240906 00:15:28.381"/>
</kw>
<kw name="Log" library="BuiltIn">
<arg>${headline_text} - ${headline_link}</arg>
<doc>Logs the given message with the given level.</doc>
<msg timestamp="20240906 00:15:28.382" level="INFO">Powells latest pivot wont be his last - https://finance.yahoo.com/news/powell-latest-pivot-won-t-090520027.html</msg>
<status status="PASS" starttime="20240906 00:15:28.382" endtime="20240906 00:15:28.382"/>
</kw>
<kw name="Append To File" library="OperatingSystem">
<arg>${OUTPUT_FILE}</arg>
<arg>${headline_text} - ${headline_link}\n</arg>
<doc>Appends the given content to the specified file.</doc>
<msg timestamp="20240906 00:15:28.383" level="INFO" html="true">Appended to file '&lt;a href="file:///Users/nikitapiko/Documents/University/WU Wien/SBWL/Data Science/PROJECTS/SPX500/data-scraping/headlines.txt"&gt;/Users/nikitapiko/Documents/University/WU Wien/SBWL/Data Science/PROJECTS/SPX500/data-scraping/headlines.txt&lt;/a&gt;'.</msg>
<status status="PASS" starttime="20240906 00:15:28.382" endtime="20240906 00:15:28.383"/>
</kw>
<kw name="Log" library="BuiltIn">
<arg>"Processed headline: ${headline_text}"</arg>
<doc>Logs the given message with the given level.</doc>
<msg timestamp="20240906 00:15:28.384" level="INFO">"Processed headline: Powells latest pivot wont be his last"</msg>
<status status="PASS" starttime="20240906 00:15:28.384" endtime="20240906 00:15:28.384"/>
</kw>
<status status="PASS" starttime="20240906 00:15:28.357" endtime="20240906 00:15:28.384"/>
</iter>
<iter>
<var name="${headline}">&lt;selenium.webdriver.remote.webelement.WebElement (session="399b82eb-622c-45b7-9663-c9ed7eac52a6", element="16ef9dc6-1dde-42bb-9930-026668795549")&gt;</var>
<kw name="Get Text" library="SeleniumLibrary">
<var>${headline_text}</var>
<arg>${headline}</arg>
<doc>Returns the text value of the element identified by ``locator``.</doc>
<msg timestamp="20240906 00:15:28.407" level="INFO">${headline_text} = Nvidia earnings highlight a busy end of August: What to know this week</msg>
<status status="PASS" starttime="20240906 00:15:28.385" endtime="20240906 00:15:28.408"/>
</kw>
<kw name="Get Element Attribute" library="SeleniumLibrary">
<var>${headline_link}</var>
<arg>${headline}</arg>
<arg>href</arg>
<doc>Returns the value of ``attribute`` from the element ``locator``.</doc>
<msg timestamp="20240906 00:15:28.434" level="INFO">${headline_link} = https://finance.yahoo.com/news/nvidia-earnings-highlight-a-busy-end-of-august-what-to-know-this-week-144305612.html</msg>
<status status="PASS" starttime="20240906 00:15:28.408" endtime="20240906 00:15:28.434"/>
</kw>
<kw name="Log" library="BuiltIn">
<arg>${headline_text} - ${headline_link}</arg>
<doc>Logs the given message with the given level.</doc>
<msg timestamp="20240906 00:15:28.435" level="INFO">Nvidia earnings highlight a busy end of August: What to know this week - https://finance.yahoo.com/news/nvidia-earnings-highlight-a-busy-end-of-august-what-to-know-this-week-144305612.html</msg>
<status status="PASS" starttime="20240906 00:15:28.434" endtime="20240906 00:15:28.435"/>
</kw>
<kw name="Append To File" library="OperatingSystem">
<arg>${OUTPUT_FILE}</arg>
<arg>${headline_text} - ${headline_link}\n</arg>
<doc>Appends the given content to the specified file.</doc>
<msg timestamp="20240906 00:15:28.436" level="INFO" html="true">Appended to file '&lt;a href="file:///Users/nikitapiko/Documents/University/WU Wien/SBWL/Data Science/PROJECTS/SPX500/data-scraping/headlines.txt"&gt;/Users/nikitapiko/Documents/University/WU Wien/SBWL/Data Science/PROJECTS/SPX500/data-scraping/headlines.txt&lt;/a&gt;'.</msg>
<status status="PASS" starttime="20240906 00:15:28.435" endtime="20240906 00:15:28.436"/>
</kw>
<kw name="Log" library="BuiltIn">
<arg>"Processed headline: ${headline_text}"</arg>
<doc>Logs the given message with the given level.</doc>
<msg timestamp="20240906 00:15:28.437" level="INFO">"Processed headline: Nvidia earnings highlight a busy end of August: What to know this week"</msg>
<status status="PASS" starttime="20240906 00:15:28.436" endtime="20240906 00:15:28.437"/>
</kw>
<status status="PASS" starttime="20240906 00:15:28.384" endtime="20240906 00:15:28.437"/>
</iter>
<iter>
<var name="${headline}">&lt;selenium.webdriver.remote.webelement.WebElement (session="399b82eb-622c-45b7-9663-c9ed7eac52a6", element="a6492160-a1e1-4b84-9ff6-224d0576bb62")&gt;</var>
<kw name="Get Text" library="SeleniumLibrary">
<var>${headline_text}</var>
<arg>${headline}</arg>
<doc>Returns the text value of the element identified by ``locator``.</doc>
<msg timestamp="20240906 00:15:28.449" level="INFO">${headline_text} = Investors price in 4 rate cuts from Fed after Powell signals 'ample room' to move</msg>
<status status="PASS" starttime="20240906 00:15:28.437" endtime="20240906 00:15:28.449"/>
</kw>
<kw name="Get Element Attribute" library="SeleniumLibrary">
<var>${headline_link}</var>
<arg>${headline}</arg>
<arg>href</arg>
<doc>Returns the value of ``attribute`` from the element ``locator``.</doc>
<msg timestamp="20240906 00:15:28.470" level="INFO">${headline_link} = https://finance.yahoo.com/news/investors-price-in-4-rate-cuts-from-fed-after-powell-signals-ample-room-to-move-155614149.html</msg>
<status status="PASS" starttime="20240906 00:15:28.449" endtime="20240906 00:15:28.470"/>
</kw>
<kw name="Log" library="BuiltIn">
<arg>${headline_text} - ${headline_link}</arg>
<doc>Logs the given message with the given level.</doc>
<msg timestamp="20240906 00:15:28.471" level="INFO">Investors price in 4 rate cuts from Fed after Powell signals 'ample room' to move - https://finance.yahoo.com/news/investors-price-in-4-rate-cuts-from-fed-after-powell-signals-ample-room-to-move-155614149.html</msg>
<status status="PASS" starttime="20240906 00:15:28.470" endtime="20240906 00:15:28.471"/>
</kw>
<kw name="Append To File" library="OperatingSystem">
<arg>${OUTPUT_FILE}</arg>
<arg>${headline_text} - ${headline_link}\n</arg>
<doc>Appends the given content to the specified file.</doc>
<msg timestamp="20240906 00:15:28.473" level="INFO" html="true">Appended to file '&lt;a href="file:///Users/nikitapiko/Documents/University/WU Wien/SBWL/Data Science/PROJECTS/SPX500/data-scraping/headlines.txt"&gt;/Users/nikitapiko/Documents/University/WU Wien/SBWL/Data Science/PROJECTS/SPX500/data-scraping/headlines.txt&lt;/a&gt;'.</msg>
<status status="PASS" starttime="20240906 00:15:28.472" endtime="20240906 00:15:28.473"/>
</kw>
<kw name="Log" library="BuiltIn">
<arg>"Processed headline: ${headline_text}"</arg>
<doc>Logs the given message with the given level.</doc>
<msg timestamp="20240906 00:15:28.474" level="INFO">"Processed headline: Investors price in 4 rate cuts from Fed after Powell signals 'ample room' to move"</msg>
<status status="PASS" starttime="20240906 00:15:28.473" endtime="20240906 00:15:28.474"/>
</kw>
<status status="PASS" starttime="20240906 00:15:28.437" endtime="20240906 00:15:28.474"/>
</iter>
<iter>
<var name="${headline}">&lt;selenium.webdriver.remote.webelement.WebElement (session="399b82eb-622c-45b7-9663-c9ed7eac52a6", element="8c5f4545-4cab-477d-9d86-98b59a754eb7")&gt;</var>
<kw name="Get Text" library="SeleniumLibrary">
<var>${headline_text}</var>
<arg>${headline}</arg>
<doc>Returns the text value of the element identified by ``locator``.</doc>
<msg timestamp="20240906 00:15:28.496" level="INFO">${headline_text} = Powell Rate Comments Push ETFs Toward Records</msg>
<status status="PASS" starttime="20240906 00:15:28.474" endtime="20240906 00:15:28.496"/>
</kw>
<kw name="Get Element Attribute" library="SeleniumLibrary">
<var>${headline_link}</var>
<arg>${headline}</arg>
<arg>href</arg>
<doc>Returns the value of ``attribute`` from the element ``locator``.</doc>
<msg timestamp="20240906 00:15:28.539" level="INFO">${headline_link} = https://finance.yahoo.com/m/149db351-c5dc-3f99-9d45-ebaeabd324dd/powell-rate-comments-push.html</msg>
<status status="PASS" starttime="20240906 00:15:28.496" endtime="20240906 00:15:28.539"/>
</kw>
<kw name="Log" library="BuiltIn">
<arg>${headline_text} - ${headline_link}</arg>
<doc>Logs the given message with the given level.</doc>
<msg timestamp="20240906 00:15:28.540" level="INFO">Powell Rate Comments Push ETFs Toward Records - https://finance.yahoo.com/m/149db351-c5dc-3f99-9d45-ebaeabd324dd/powell-rate-comments-push.html</msg>
<status status="PASS" starttime="20240906 00:15:28.539" endtime="20240906 00:15:28.540"/>
</kw>
<kw name="Append To File" library="OperatingSystem">
<arg>${OUTPUT_FILE}</arg>
<arg>${headline_text} - ${headline_link}\n</arg>
<doc>Appends the given content to the specified file.</doc>
<msg timestamp="20240906 00:15:28.541" level="INFO" html="true">Appended to file '&lt;a href="file:///Users/nikitapiko/Documents/University/WU Wien/SBWL/Data Science/PROJECTS/SPX500/data-scraping/headlines.txt"&gt;/Users/nikitapiko/Documents/University/WU Wien/SBWL/Data Science/PROJECTS/SPX500/data-scraping/headlines.txt&lt;/a&gt;'.</msg>
<status status="PASS" starttime="20240906 00:15:28.540" endtime="20240906 00:15:28.541"/>
</kw>
<kw name="Log" library="BuiltIn">
<arg>"Processed headline: ${headline_text}"</arg>
<doc>Logs the given message with the given level.</doc>
<msg timestamp="20240906 00:15:28.542" level="INFO">"Processed headline: Powell Rate Comments Push ETFs Toward Records"</msg>
<status status="PASS" starttime="20240906 00:15:28.541" endtime="20240906 00:15:28.542"/>
</kw>
<status status="PASS" starttime="20240906 00:15:28.474" endtime="20240906 00:15:28.542"/>
</iter>
<iter>
<var name="${headline}">&lt;selenium.webdriver.remote.webelement.WebElement (session="399b82eb-622c-45b7-9663-c9ed7eac52a6", element="b4723a05-e038-4a87-95b4-42eac0efc756")&gt;</var>
<kw name="Get Text" library="SeleniumLibrary">
<var>${headline_text}</var>
<arg>${headline}</arg>
<doc>Returns the text value of the element identified by ``locator``.</doc>
<msg timestamp="20240906 00:15:28.559" level="INFO">${headline_text} = Labor market weakness shows signs of 'leveling off,' keeps Fed on track to cut rates in September</msg>
<status status="PASS" starttime="20240906 00:15:28.542" endtime="20240906 00:15:28.559"/>
</kw>
<kw name="Get Element Attribute" library="SeleniumLibrary">
<var>${headline_link}</var>
<arg>${headline}</arg>
<arg>href</arg>
<doc>Returns the value of ``attribute`` from the element ``locator``.</doc>
<msg timestamp="20240906 00:15:28.732" level="INFO">${headline_link} = https://finance.yahoo.com/news/labor-market-weakness-shows-signs-of-leveling-off-keeps-fed-on-track-to-cut-rates-in-september-142639123.html</msg>
<status status="PASS" starttime="20240906 00:15:28.560" endtime="20240906 00:15:28.732"/>
</kw>
<kw name="Log" library="BuiltIn">
<arg>${headline_text} - ${headline_link}</arg>
<doc>Logs the given message with the given level.</doc>
<msg timestamp="20240906 00:15:28.733" level="INFO">Labor market weakness shows signs of 'leveling off,' keeps Fed on track to cut rates in September - https://finance.yahoo.com/news/labor-market-weakness-shows-signs-of-leveling-off-keeps-fed-on-track-to-cut-rates-in-september-142639123.html</msg>
<status status="PASS" starttime="20240906 00:15:28.732" endtime="20240906 00:15:28.733"/>
</kw>
<kw name="Append To File" library="OperatingSystem">
<arg>${OUTPUT_FILE}</arg>
<arg>${headline_text} - ${headline_link}\n</arg>
<doc>Appends the given content to the specified file.</doc>
<msg timestamp="20240906 00:15:28.734" level="INFO" html="true">Appended to file '&lt;a href="file:///Users/nikitapiko/Documents/University/WU Wien/SBWL/Data Science/PROJECTS/SPX500/data-scraping/headlines.txt"&gt;/Users/nikitapiko/Documents/University/WU Wien/SBWL/Data Science/PROJECTS/SPX500/data-scraping/headlines.txt&lt;/a&gt;'.</msg>
<status status="PASS" starttime="20240906 00:15:28.733" endtime="20240906 00:15:28.734"/>
</kw>
<kw name="Log" library="BuiltIn">
<arg>"Processed headline: ${headline_text}"</arg>
<doc>Logs the given message with the given level.</doc>
<msg timestamp="20240906 00:15:28.734" level="INFO">"Processed headline: Labor market weakness shows signs of 'leveling off,' keeps Fed on track to cut rates in September"</msg>
<status status="PASS" starttime="20240906 00:15:28.734" endtime="20240906 00:15:28.734"/>
</kw>
<status status="PASS" starttime="20240906 00:15:28.542" endtime="20240906 00:15:28.734"/>
</iter>
<iter>
<var name="${headline}">&lt;selenium.webdriver.remote.webelement.WebElement (session="399b82eb-622c-45b7-9663-c9ed7eac52a6", element="fbdcba6a-eef9-4463-82e5-b37702f226c9")&gt;</var>
<kw name="Get Text" library="SeleniumLibrary">
<var>${headline_text}</var>
<arg>${headline}</arg>
<doc>Returns the text value of the element identified by ``locator``.</doc>
<msg timestamp="20240906 00:15:28.747" level="INFO">${headline_text} = Labor market weakness shows signs of 'leveling off,' keeps Fed on track to cut rates in Sept.</msg>
<status status="PASS" starttime="20240906 00:15:28.735" endtime="20240906 00:15:28.747"/>
</kw>
<kw name="Get Element Attribute" library="SeleniumLibrary">
<var>${headline_link}</var>
<arg>${headline}</arg>
<arg>href</arg>
<doc>Returns the value of ``attribute`` from the element ``locator``.</doc>
<msg timestamp="20240906 00:15:28.798" level="INFO">${headline_link} = https://finance.yahoo.com/news/labor-market-weakness-shows-signs-of-leveling-off-keeps-fed-on-track-to-cut-rates-in-sept-142639639.html</msg>
<status status="PASS" starttime="20240906 00:15:28.748" endtime="20240906 00:15:28.798"/>
</kw>
<kw name="Log" library="BuiltIn">
<arg>${headline_text} - ${headline_link}</arg>
<doc>Logs the given message with the given level.</doc>
<msg timestamp="20240906 00:15:28.798" level="INFO">Labor market weakness shows signs of 'leveling off,' keeps Fed on track to cut rates in Sept. - https://finance.yahoo.com/news/labor-market-weakness-shows-signs-of-leveling-off-keeps-fed-on-track-to-cut-rates-in-sept-142639639.html</msg>
<status status="PASS" starttime="20240906 00:15:28.798" endtime="20240906 00:15:28.799"/>
</kw>
<kw name="Append To File" library="OperatingSystem">
<arg>${OUTPUT_FILE}</arg>
<arg>${headline_text} - ${headline_link}\n</arg>
<doc>Appends the given content to the specified file.</doc>
<msg timestamp="20240906 00:15:28.800" level="INFO" html="true">Appended to file '&lt;a href="file:///Users/nikitapiko/Documents/University/WU Wien/SBWL/Data Science/PROJECTS/SPX500/data-scraping/headlines.txt"&gt;/Users/nikitapiko/Documents/University/WU Wien/SBWL/Data Science/PROJECTS/SPX500/data-scraping/headlines.txt&lt;/a&gt;'.</msg>
<status status="PASS" starttime="20240906 00:15:28.799" endtime="20240906 00:15:28.800"/>
</kw>
<kw name="Log" library="BuiltIn">
<arg>"Processed headline: ${headline_text}"</arg>
<doc>Logs the given message with the given level.</doc>
<msg timestamp="20240906 00:15:28.801" level="INFO">"Processed headline: Labor market weakness shows signs of 'leveling off,' keeps Fed on track to cut rates in Sept."</msg>
<status status="PASS" starttime="20240906 00:15:28.800" endtime="20240906 00:15:28.801"/>
</kw>
<status status="PASS" starttime="20240906 00:15:28.735" endtime="20240906 00:15:28.801"/>
</iter>
<iter>
<var name="${headline}">&lt;selenium.webdriver.remote.webelement.WebElement (session="399b82eb-622c-45b7-9663-c9ed7eac52a6", element="7494013f-26b6-493e-8c16-b3b80874850b")&gt;</var>
<kw name="Get Text" library="SeleniumLibrary">
<var>${headline_text}</var>
<arg>${headline}</arg>
<doc>Returns the text value of the element identified by ``locator``.</doc>
<msg timestamp="20240906 00:15:28.882" level="INFO">${headline_text} = Morgan Stanley to Close 6 Remaining ETFs on FundLogic Platform</msg>
<status status="PASS" starttime="20240906 00:15:28.802" endtime="20240906 00:15:28.882"/>
</kw>
<kw name="Get Element Attribute" library="SeleniumLibrary">
<var>${headline_link}</var>
<arg>${headline}</arg>
<arg>href</arg>
<doc>Returns the value of ``attribute`` from the element ``locator``.</doc>
<msg timestamp="20240906 00:15:29.090" level="INFO">${headline_link} = https://finance.yahoo.com/m/efefaad0-6a5e-3d60-b29a-ddbf7c89bd71/morgan-stanley-to-close-6.html</msg>
<status status="PASS" starttime="20240906 00:15:28.882" endtime="20240906 00:15:29.090"/>
</kw>
<kw name="Log" library="BuiltIn">
<arg>${headline_text} - ${headline_link}</arg>
<doc>Logs the given message with the given level.</doc>
<msg timestamp="20240906 00:15:29.091" level="INFO">Morgan Stanley to Close 6 Remaining ETFs on FundLogic Platform - https://finance.yahoo.com/m/efefaad0-6a5e-3d60-b29a-ddbf7c89bd71/morgan-stanley-to-close-6.html</msg>
<status status="PASS" starttime="20240906 00:15:29.091" endtime="20240906 00:15:29.091"/>
</kw>
<kw name="Append To File" library="OperatingSystem">
<arg>${OUTPUT_FILE}</arg>
<arg>${headline_text} - ${headline_link}\n</arg>
<doc>Appends the given content to the specified file.</doc>
<msg timestamp="20240906 00:15:29.092" level="INFO" html="true">Appended to file '&lt;a href="file:///Users/nikitapiko/Documents/University/WU Wien/SBWL/Data Science/PROJECTS/SPX500/data-scraping/headlines.txt"&gt;/Users/nikitapiko/Documents/University/WU Wien/SBWL/Data Science/PROJECTS/SPX500/data-scraping/headlines.txt&lt;/a&gt;'.</msg>
<status status="PASS" starttime="20240906 00:15:29.091" endtime="20240906 00:15:29.092"/>
</kw>
<kw name="Log" library="BuiltIn">
<arg>"Processed headline: ${headline_text}"</arg>
<doc>Logs the given message with the given level.</doc>
<msg timestamp="20240906 00:15:29.093" level="INFO">"Processed headline: Morgan Stanley to Close 6 Remaining ETFs on FundLogic Platform"</msg>
<status status="PASS" starttime="20240906 00:15:29.092" endtime="20240906 00:15:29.093"/>
</kw>
<status status="PASS" starttime="20240906 00:15:28.801" endtime="20240906 00:15:29.093"/>
</iter>
<iter>
<var name="${headline}">&lt;selenium.webdriver.remote.webelement.WebElement (session="399b82eb-622c-45b7-9663-c9ed7eac52a6", element="b11c0325-f707-48ed-9cf3-d9e331fc0a34")&gt;</var>
<kw name="Get Text" library="SeleniumLibrary">
<var>${headline_text}</var>
<arg>${headline}</arg>
<doc>Returns the text value of the element identified by ``locator``.</doc>
<msg timestamp="20240906 00:15:29.187" level="INFO">${headline_text} = Meme stocks are surging again, which may be good news for the risk rally: Morning Brief</msg>
<status status="PASS" starttime="20240906 00:15:29.093" endtime="20240906 00:15:29.187"/>
</kw>
<kw name="Get Element Attribute" library="SeleniumLibrary">
<var>${headline_link}</var>
<arg>${headline}</arg>
<arg>href</arg>
<doc>Returns the value of ``attribute`` from the element ``locator``.</doc>
<msg timestamp="20240906 00:15:29.232" level="INFO">${headline_link} = https://finance.yahoo.com/news/meme-stocks-are-surging-again-which-may-be-good-news-for-the-risk-rally-morning-brief-105333412.html</msg>
<status status="PASS" starttime="20240906 00:15:29.187" endtime="20240906 00:15:29.232"/>
</kw>
<kw name="Log" library="BuiltIn">
<arg>${headline_text} - ${headline_link}</arg>
<doc>Logs the given message with the given level.</doc>
<msg timestamp="20240906 00:15:29.233" level="INFO">Meme stocks are surging again, which may be good news for the risk rally: Morning Brief - https://finance.yahoo.com/news/meme-stocks-are-surging-again-which-may-be-good-news-for-the-risk-rally-morning-brief-105333412.html</msg>
<status status="PASS" starttime="20240906 00:15:29.232" endtime="20240906 00:15:29.233"/>
</kw>
<kw name="Append To File" library="OperatingSystem">
<arg>${OUTPUT_FILE}</arg>
<arg>${headline_text} - ${headline_link}\n</arg>
<doc>Appends the given content to the specified file.</doc>
<msg timestamp="20240906 00:15:29.234" level="INFO" html="true">Appended to file '&lt;a href="file:///Users/nikitapiko/Documents/University/WU Wien/SBWL/Data Science/PROJECTS/SPX500/data-scraping/headlines.txt"&gt;/Users/nikitapiko/Documents/University/WU Wien/SBWL/Data Science/PROJECTS/SPX500/data-scraping/headlines.txt&lt;/a&gt;'.</msg>
<status status="PASS" starttime="20240906 00:15:29.233" endtime="20240906 00:15:29.234"/>
</kw>
<kw name="Log" library="BuiltIn">
<arg>"Processed headline: ${headline_text}"</arg>
<doc>Logs the given message with the given level.</doc>
<msg timestamp="20240906 00:15:29.235" level="INFO">"Processed headline: Meme stocks are surging again, which may be good news for the risk rally: Morning Brief"</msg>
<status status="PASS" starttime="20240906 00:15:29.234" endtime="20240906 00:15:29.235"/>
</kw>
<status status="PASS" starttime="20240906 00:15:29.093" endtime="20240906 00:15:29.235"/>
</iter>
<iter>
<var name="${headline}">&lt;selenium.webdriver.remote.webelement.WebElement (session="399b82eb-622c-45b7-9663-c9ed7eac52a6", element="98784ad3-e399-40ff-a01b-53a211ad314f")&gt;</var>
<kw name="Get Text" library="SeleniumLibrary">
<var>${headline_text}</var>
<arg>${headline}</arg>
<doc>Returns the text value of the element identified by ``locator``.</doc>
<msg timestamp="20240906 00:15:29.340" level="INFO">${headline_text} = Jackson Hole Preview: Q&amp;A on the Feds annual conference</msg>
<status status="PASS" starttime="20240906 00:15:29.235" endtime="20240906 00:15:29.340"/>
</kw>
<kw name="Get Element Attribute" library="SeleniumLibrary">
<var>${headline_link}</var>
<arg>${headline}</arg>
<arg>href</arg>
<doc>Returns the value of ``attribute`` from the element ``locator``.</doc>
<msg timestamp="20240906 00:15:29.396" level="INFO">${headline_link} = https://finance.yahoo.com/news/jackson-hole-preview-q-fed-092701390.html</msg>
<status status="PASS" starttime="20240906 00:15:29.340" endtime="20240906 00:15:29.397"/>
</kw>
<kw name="Log" library="BuiltIn">
<arg>${headline_text} - ${headline_link}</arg>
<doc>Logs the given message with the given level.</doc>
<msg timestamp="20240906 00:15:29.397" level="INFO">Jackson Hole Preview: Q&amp;A on the Feds annual conference - https://finance.yahoo.com/news/jackson-hole-preview-q-fed-092701390.html</msg>
<status status="PASS" starttime="20240906 00:15:29.397" endtime="20240906 00:15:29.397"/>
</kw>
<kw name="Append To File" library="OperatingSystem">
<arg>${OUTPUT_FILE}</arg>
<arg>${headline_text} - ${headline_link}\n</arg>
<doc>Appends the given content to the specified file.</doc>
<msg timestamp="20240906 00:15:29.399" level="INFO" html="true">Appended to file '&lt;a href="file:///Users/nikitapiko/Documents/University/WU Wien/SBWL/Data Science/PROJECTS/SPX500/data-scraping/headlines.txt"&gt;/Users/nikitapiko/Documents/University/WU Wien/SBWL/Data Science/PROJECTS/SPX500/data-scraping/headlines.txt&lt;/a&gt;'.</msg>
<status status="PASS" starttime="20240906 00:15:29.398" endtime="20240906 00:15:29.399"/>
</kw>
<kw name="Log" library="BuiltIn">
<arg>"Processed headline: ${headline_text}"</arg>
<doc>Logs the given message with the given level.</doc>
<msg timestamp="20240906 00:15:29.400" level="INFO">"Processed headline: Jackson Hole Preview: Q&amp;A on the Feds annual conference"</msg>
<status status="PASS" starttime="20240906 00:15:29.399" endtime="20240906 00:15:29.400"/>
</kw>
<status status="PASS" starttime="20240906 00:15:29.235" endtime="20240906 00:15:29.400"/>
</iter>
<iter>
<var name="${headline}">&lt;selenium.webdriver.remote.webelement.WebElement (session="399b82eb-622c-45b7-9663-c9ed7eac52a6", element="d77708a4-ac40-4b5f-9106-ba5bf0be70e7")&gt;</var>
<kw name="Get Text" library="SeleniumLibrary">
<var>${headline_text}</var>
<arg>${headline}</arg>
<doc>Returns the text value of the element identified by ``locator``.</doc>
<msg timestamp="20240906 00:15:29.512" level="INFO">${headline_text} = Timely rotations help hedge funds navigate summer volatility: Goldman Sachs</msg>
<status status="PASS" starttime="20240906 00:15:29.401" endtime="20240906 00:15:29.512"/>
</kw>
<kw name="Get Element Attribute" library="SeleniumLibrary">
<var>${headline_link}</var>
<arg>${headline}</arg>
<arg>href</arg>
<doc>Returns the value of ``attribute`` from the element ``locator``.</doc>
<msg timestamp="20240906 00:15:29.679" level="INFO">${headline_link} = https://finance.yahoo.com/news/timely-rotations-help-hedge-funds-082704754.html</msg>
<status status="PASS" starttime="20240906 00:15:29.513" endtime="20240906 00:15:29.679"/>
</kw>
<kw name="Log" library="BuiltIn">
<arg>${headline_text} - ${headline_link}</arg>
<doc>Logs the given message with the given level.</doc>
<msg timestamp="20240906 00:15:29.680" level="INFO">Timely rotations help hedge funds navigate summer volatility: Goldman Sachs - https://finance.yahoo.com/news/timely-rotations-help-hedge-funds-082704754.html</msg>
<status status="PASS" starttime="20240906 00:15:29.679" endtime="20240906 00:15:29.680"/>
</kw>
<kw name="Append To File" library="OperatingSystem">
<arg>${OUTPUT_FILE}</arg>
<arg>${headline_text} - ${headline_link}\n</arg>
<doc>Appends the given content to the specified file.</doc>
[...]
</iter>
<iter>
<var name="${headline}">&lt;selenium.webdriver.remote.webelement.WebElement (session="399b82eb-622c-45b7-9663-c9ed7eac52a6", element="0210ca3a-5163-4581-9513-97d9d94f24d7")&gt;</var>
<kw name="Get Text" library="SeleniumLibrary">
<var>${headline_text}</var>
<arg>${headline}</arg>
<doc>Returns the text value of the element identified by ``locator``.</doc>
<msg timestamp="20240906 00:15:33.852" level="INFO">${headline_text} = SPY Leads Inflows, DIA Tops in Outflows: ETF Fund Flows as of July 11, 2024</msg>
<status status="PASS" starttime="20240906 00:15:33.844" endtime="20240906 00:15:33.852"/>
</kw>
<kw name="Get Element Attribute" library="SeleniumLibrary">
<var>${headline_link}</var>
<arg>${headline}</arg>
<arg>href</arg>
<doc>Returns the value of ``attribute`` from the element ``locator``.</doc>
<msg timestamp="20240906 00:15:33.865" level="INFO">${headline_link} = https://finance.yahoo.com/m/dad0252d-eee6-36be-a903-f89f7b5e3c0d/spy-leads-inflows%2C-dia-tops.html</msg>
<status status="PASS" starttime="20240906 00:15:33.853" endtime="20240906 00:15:33.866"/>
</kw>
<kw name="Log" library="BuiltIn">
<arg>${headline_text} - ${headline_link}</arg>
<doc>Logs the given message with the given level.</doc>
<msg timestamp="20240906 00:15:33.867" level="INFO">SPY Leads Inflows, DIA Tops in Outflows: ETF Fund Flows as of July 11, 2024 - https://finance.yahoo.com/m/dad0252d-eee6-36be-a903-f89f7b5e3c0d/spy-leads-inflows%2C-dia-tops.html</msg>
<status status="PASS" starttime="20240906 00:15:33.866" endtime="20240906 00:15:33.867"/>
</kw>
<kw name="Append To File" library="OperatingSystem">
<arg>${OUTPUT_FILE}</arg>
<arg>${headline_text} - ${headline_link}\n</arg>
<doc>Appends the given content to the specified file.</doc>
<msg timestamp="20240906 00:15:33.868" level="INFO" html="true">Appended to file '&lt;a href="file:///Users/nikitapiko/Documents/University/WU Wien/SBWL/Data Science/PROJECTS/SPX500/data-scraping/headlines.txt"&gt;/Users/nikitapiko/Documents/University/WU Wien/SBWL/Data Science/PROJECTS/SPX500/data-scraping/headlines.txt&lt;/a&gt;'.</msg>
<status status="PASS" starttime="20240906 00:15:33.867" endtime="20240906 00:15:33.868"/>
</kw>
<kw name="Log" library="BuiltIn">
<arg>"Processed headline: ${headline_text}"</arg>
<doc>Logs the given message with the given level.</doc>
<msg timestamp="20240906 00:15:33.869" level="INFO">"Processed headline: SPY Leads Inflows, DIA Tops in Outflows: ETF Fund Flows as of July 11, 2024"</msg>
<status status="PASS" starttime="20240906 00:15:33.868" endtime="20240906 00:15:33.869"/>
</kw>
<status status="PASS" starttime="20240906 00:15:33.843" endtime="20240906 00:15:33.869"/>
</iter>
<iter>
<var name="${headline}">&lt;selenium.webdriver.remote.webelement.WebElement (session="399b82eb-622c-45b7-9663-c9ed7eac52a6", element="df888eaa-8ca8-406d-b234-89cdd2a1b7e8")&gt;</var>
<kw name="Get Text" library="SeleniumLibrary">
<var>${headline_text}</var>
<arg>${headline}</arg>
<doc>Returns the text value of the element identified by ``locator``.</doc>
<msg timestamp="20240906 00:15:33.878" level="INFO">${headline_text} = Tech Stocks Tumble As Small Caps, REITs, Gold Miners Rally; Soft June Inflation Ignites Rate Cut Expectations: What's Driving Markets Thursday?</msg>
<status status="PASS" starttime="20240906 00:15:33.870" endtime="20240906 00:15:33.878"/>
</kw>
<kw name="Get Element Attribute" library="SeleniumLibrary">
<var>${headline_link}</var>
<arg>${headline}</arg>
<arg>href</arg>
<doc>Returns the value of ``attribute`` from the element ``locator``.</doc>
<msg timestamp="20240906 00:15:33.893" level="INFO">${headline_link} = https://finance.yahoo.com/news/tech-stocks-tumble-small-caps-174602350.html</msg>
<status status="PASS" starttime="20240906 00:15:33.879" endtime="20240906 00:15:33.893"/>
</kw>
<kw name="Log" library="BuiltIn">
<arg>${headline_text} - ${headline_link}</arg>
<doc>Logs the given message with the given level.</doc>
<msg timestamp="20240906 00:15:33.895" level="INFO">Tech Stocks Tumble As Small Caps, REITs, Gold Miners Rally; Soft June Inflation Ignites Rate Cut Expectations: What's Driving Markets Thursday? - https://finance.yahoo.com/news/tech-stocks-tumble-small-caps-174602350.html</msg>
<status status="PASS" starttime="20240906 00:15:33.893" endtime="20240906 00:15:33.896"/>
</kw>
<kw name="Append To File" library="OperatingSystem">
<arg>${OUTPUT_FILE}</arg>
<arg>${headline_text} - ${headline_link}\n</arg>
<doc>Appends the given content to the specified file.</doc>
<msg timestamp="20240906 00:15:33.898" level="INFO" html="true">Appended to file '&lt;a href="file:///Users/nikitapiko/Documents/University/WU Wien/SBWL/Data Science/PROJECTS/SPX500/data-scraping/headlines.txt"&gt;/Users/nikitapiko/Documents/University/WU Wien/SBWL/Data Science/PROJECTS/SPX500/data-scraping/headlines.txt&lt;/a&gt;'.</msg>
<status status="PASS" starttime="20240906 00:15:33.896" endtime="20240906 00:15:33.898"/>
</kw>
<kw name="Log" library="BuiltIn">
<arg>"Processed headline: ${headline_text}"</arg>
<doc>Logs the given message with the given level.</doc>
<msg timestamp="20240906 00:15:33.899" level="INFO">"Processed headline: Tech Stocks Tumble As Small Caps, REITs, Gold Miners Rally; Soft June Inflation Ignites Rate Cut Expectations: What's Driving Markets Thursday?"</msg>
<status status="PASS" starttime="20240906 00:15:33.898" endtime="20240906 00:15:33.899"/>
</kw>
<status status="PASS" starttime="20240906 00:15:33.869" endtime="20240906 00:15:33.899"/>
</iter>
<iter>
<var name="${headline}">&lt;selenium.webdriver.remote.webelement.WebElement (session="399b82eb-622c-45b7-9663-c9ed7eac52a6", element="f2202d81-4633-4ba7-b3f4-602b502bc5ce")&gt;</var>
<kw name="Get Text" library="SeleniumLibrary">
<var>${headline_text}</var>
<arg>${headline}</arg>
<doc>Returns the text value of the element identified by ``locator``.</doc>
<msg timestamp="20240906 00:15:33.907" level="INFO">${headline_text} = INDA, Emerging Markets ETFs Outperforming SPY</msg>
<status status="PASS" starttime="20240906 00:15:33.899" endtime="20240906 00:15:33.907"/>
</kw>
<kw name="Get Element Attribute" library="SeleniumLibrary">
<var>${headline_link}</var>
<arg>${headline}</arg>
<arg>href</arg>
<doc>Returns the value of ``attribute`` from the element ``locator``.</doc>
<msg timestamp="20240906 00:15:33.918" level="INFO">${headline_link} = https://finance.yahoo.com/m/82c0b180-54fa-3105-b45f-05c5be576a7b/inda%2C-emerging-markets-etfs.html</msg>
<status status="PASS" starttime="20240906 00:15:33.907" endtime="20240906 00:15:33.919"/>
</kw>
<kw name="Log" library="BuiltIn">
<arg>${headline_text} - ${headline_link}</arg>
<doc>Logs the given message with the given level.</doc>
<msg timestamp="20240906 00:15:33.919" level="INFO">INDA, Emerging Markets ETFs Outperforming SPY - https://finance.yahoo.com/m/82c0b180-54fa-3105-b45f-05c5be576a7b/inda%2C-emerging-markets-etfs.html</msg>
<status status="PASS" starttime="20240906 00:15:33.919" endtime="20240906 00:15:33.919"/>
</kw>
<kw name="Append To File" library="OperatingSystem">
<arg>${OUTPUT_FILE}</arg>
<arg>${headline_text} - ${headline_link}\n</arg>
<doc>Appends the given content to the specified file.</doc>
<msg timestamp="20240906 00:15:33.920" level="INFO" html="true">Appended to file '&lt;a href="file:///Users/nikitapiko/Documents/University/WU Wien/SBWL/Data Science/PROJECTS/SPX500/data-scraping/headlines.txt"&gt;/Users/nikitapiko/Documents/University/WU Wien/SBWL/Data Science/PROJECTS/SPX500/data-scraping/headlines.txt&lt;/a&gt;'.</msg>
<status status="PASS" starttime="20240906 00:15:33.919" endtime="20240906 00:15:33.920"/>
</kw>
<kw name="Log" library="BuiltIn">
<arg>"Processed headline: ${headline_text}"</arg>
<doc>Logs the given message with the given level.</doc>
<msg timestamp="20240906 00:15:33.921" level="INFO">"Processed headline: INDA, Emerging Markets ETFs Outperforming SPY"</msg>
<status status="PASS" starttime="20240906 00:15:33.921" endtime="20240906 00:15:33.921"/>
</kw>
<status status="PASS" starttime="20240906 00:15:33.899" endtime="20240906 00:15:33.921"/>
</iter>
<iter>
<var name="${headline}">&lt;selenium.webdriver.remote.webelement.WebElement (session="399b82eb-622c-45b7-9663-c9ed7eac52a6", element="262d362b-105f-42b2-8d93-5546c5143922")&gt;</var>
<kw name="Get Text" library="SeleniumLibrary">
<var>${headline_text}</var>
<arg>${headline}</arg>
<doc>Returns the text value of the element identified by ``locator``.</doc>
<msg timestamp="20240906 00:15:33.931" level="INFO">${headline_text} = SPY Leads Inflows, QQQ Tops in Outflows: ETF Fund Flows as of July 10, 2024</msg>
<status status="PASS" starttime="20240906 00:15:33.921" endtime="20240906 00:15:33.931"/>
</kw>
<kw name="Get Element Attribute" library="SeleniumLibrary">
<var>${headline_link}</var>
<arg>${headline}</arg>
<arg>href</arg>
<doc>Returns the value of ``attribute`` from the element ``locator``.</doc>
<msg timestamp="20240906 00:15:33.943" level="INFO">${headline_link} = https://finance.yahoo.com/m/2fc9309b-ae7a-3fda-957c-9a64980f75c9/spy-leads-inflows%2C-qqq-tops.html</msg>
<status status="PASS" starttime="20240906 00:15:33.931" endtime="20240906 00:15:33.943"/>
</kw>
<kw name="Log" library="BuiltIn">
<arg>${headline_text} - ${headline_link}</arg>
<doc>Logs the given message with the given level.</doc>
<msg timestamp="20240906 00:15:33.944" level="INFO">SPY Leads Inflows, QQQ Tops in Outflows: ETF Fund Flows as of July 10, 2024 - https://finance.yahoo.com/m/2fc9309b-ae7a-3fda-957c-9a64980f75c9/spy-leads-inflows%2C-qqq-tops.html</msg>
<status status="PASS" starttime="20240906 00:15:33.943" endtime="20240906 00:15:33.944"/>
</kw>
<kw name="Append To File" library="OperatingSystem">
<arg>${OUTPUT_FILE}</arg>
<arg>${headline_text} - ${headline_link}\n</arg>
<doc>Appends the given content to the specified file.</doc>
<msg timestamp="20240906 00:15:33.945" level="INFO" html="true">Appended to file '&lt;a href="file:///Users/nikitapiko/Documents/University/WU Wien/SBWL/Data Science/PROJECTS/SPX500/data-scraping/headlines.txt"&gt;/Users/nikitapiko/Documents/University/WU Wien/SBWL/Data Science/PROJECTS/SPX500/data-scraping/headlines.txt&lt;/a&gt;'.</msg>
<status status="PASS" starttime="20240906 00:15:33.944" endtime="20240906 00:15:33.945"/>
</kw>
<kw name="Log" library="BuiltIn">
<arg>"Processed headline: ${headline_text}"</arg>
<doc>Logs the given message with the given level.</doc>
<msg timestamp="20240906 00:15:33.946" level="INFO">"Processed headline: SPY Leads Inflows, QQQ Tops in Outflows: ETF Fund Flows as of July 10, 2024"</msg>
<status status="PASS" starttime="20240906 00:15:33.945" endtime="20240906 00:15:33.946"/>
</kw>
<status status="PASS" starttime="20240906 00:15:33.921" endtime="20240906 00:15:33.946"/>
</iter>
<iter>
<var name="${headline}">&lt;selenium.webdriver.remote.webelement.WebElement (session="399b82eb-622c-45b7-9663-c9ed7eac52a6", element="bd57e4f4-f427-49cb-b303-003f120dde6e")&gt;</var>
<kw name="Get Text" library="SeleniumLibrary">
<var>${headline_text}</var>
<arg>${headline}</arg>
<doc>Returns the text value of the element identified by ``locator``.</doc>
<msg timestamp="20240906 00:15:33.958" level="INFO">${headline_text} = 3 Cash-Cow Stocks Offering Unbeatable Income</msg>
<status status="PASS" starttime="20240906 00:15:33.946" endtime="20240906 00:15:33.958"/>
</kw>
<kw name="Get Element Attribute" library="SeleniumLibrary">
<var>${headline_link}</var>
<arg>${headline}</arg>
<arg>href</arg>
<doc>Returns the value of ``attribute`` from the element ``locator``.</doc>
<msg timestamp="20240906 00:15:33.969" level="INFO">${headline_link} = https://investorplace.com/2024/07/3-cash-cow-stocks-offering-unbeatable-income/</msg>
<status status="PASS" starttime="20240906 00:15:33.958" endtime="20240906 00:15:33.969"/>
</kw>
<kw name="Log" library="BuiltIn">
<arg>${headline_text} - ${headline_link}</arg>
<doc>Logs the given message with the given level.</doc>
<msg timestamp="20240906 00:15:33.969" level="INFO">3 Cash-Cow Stocks Offering Unbeatable Income - https://investorplace.com/2024/07/3-cash-cow-stocks-offering-unbeatable-income/</msg>
<status status="PASS" starttime="20240906 00:15:33.969" endtime="20240906 00:15:33.969"/>
</kw>
<kw name="Append To File" library="OperatingSystem">
<arg>${OUTPUT_FILE}</arg>
<arg>${headline_text} - ${headline_link}\n</arg>
<doc>Appends the given content to the specified file.</doc>
<msg timestamp="20240906 00:15:33.970" level="INFO" html="true">Appended to file '&lt;a href="file:///Users/nikitapiko/Documents/University/WU Wien/SBWL/Data Science/PROJECTS/SPX500/data-scraping/headlines.txt"&gt;/Users/nikitapiko/Documents/University/WU Wien/SBWL/Data Science/PROJECTS/SPX500/data-scraping/headlines.txt&lt;/a&gt;'.</msg>
<status status="PASS" starttime="20240906 00:15:33.970" endtime="20240906 00:15:33.971"/>
</kw>
<kw name="Log" library="BuiltIn">
<arg>"Processed headline: ${headline_text}"</arg>
<doc>Logs the given message with the given level.</doc>
<msg timestamp="20240906 00:15:33.971" level="INFO">"Processed headline: 3 Cash-Cow Stocks Offering Unbeatable Income"</msg>
<status status="PASS" starttime="20240906 00:15:33.971" endtime="20240906 00:15:33.971"/>
</kw>
<status status="PASS" starttime="20240906 00:15:33.946" endtime="20240906 00:15:33.971"/>
</iter>
<iter>
<var name="${headline}">&lt;selenium.webdriver.remote.webelement.WebElement (session="399b82eb-622c-45b7-9663-c9ed7eac52a6", element="fc256a04-3f3a-42f8-848d-3f67d23b4684")&gt;</var>
<kw name="Get Text" library="SeleniumLibrary">
<var>${headline_text}</var>
<arg>${headline}</arg>
<doc>Returns the text value of the element identified by ``locator``.</doc>
<msg timestamp="20240906 00:15:33.979" level="INFO">${headline_text} = Does SPY and Its 18% Rise Reflect U.S. Markets?</msg>
<status status="PASS" starttime="20240906 00:15:33.972" endtime="20240906 00:15:33.979"/>
</kw>
<kw name="Get Element Attribute" library="SeleniumLibrary">
<var>${headline_link}</var>
<arg>${headline}</arg>
<arg>href</arg>
<doc>Returns the value of ``attribute`` from the element ``locator``.</doc>
<msg timestamp="20240906 00:15:34.017" level="INFO">${headline_link} = https://finance.yahoo.com/m/5e5dfbf8-a0f6-303a-aa39-f210c46612e9/does-spy-and-its-18%25-rise.html</msg>
<status status="PASS" starttime="20240906 00:15:33.979" endtime="20240906 00:15:34.017"/>
</kw>
<kw name="Log" library="BuiltIn">
<arg>${headline_text} - ${headline_link}</arg>
<doc>Logs the given message with the given level.</doc>
<msg timestamp="20240906 00:15:34.018" level="INFO">Does SPY and Its 18% Rise Reflect U.S. Markets? - https://finance.yahoo.com/m/5e5dfbf8-a0f6-303a-aa39-f210c46612e9/does-spy-and-its-18%25-rise.html</msg>
<status status="PASS" starttime="20240906 00:15:34.017" endtime="20240906 00:15:34.018"/>
</kw>
<kw name="Append To File" library="OperatingSystem">
<arg>${OUTPUT_FILE}</arg>
<arg>${headline_text} - ${headline_link}\n</arg>
<doc>Appends the given content to the specified file.</doc>
<msg timestamp="20240906 00:15:34.020" level="INFO" html="true">Appended to file '&lt;a href="file:///Users/nikitapiko/Documents/University/WU Wien/SBWL/Data Science/PROJECTS/SPX500/data-scraping/headlines.txt"&gt;/Users/nikitapiko/Documents/University/WU Wien/SBWL/Data Science/PROJECTS/SPX500/data-scraping/headlines.txt&lt;/a&gt;'.</msg>
<status status="PASS" starttime="20240906 00:15:34.019" endtime="20240906 00:15:34.020"/>
</kw>
<kw name="Log" library="BuiltIn">
<arg>"Processed headline: ${headline_text}"</arg>
<doc>Logs the given message with the given level.</doc>
<msg timestamp="20240906 00:15:34.022" level="INFO">"Processed headline: Does SPY and Its 18% Rise Reflect U.S. Markets?"</msg>
<status status="PASS" starttime="20240906 00:15:34.021" endtime="20240906 00:15:34.022"/>
</kw>
<status status="PASS" starttime="20240906 00:15:33.972" endtime="20240906 00:15:34.022"/>
</iter>
<iter>
<var name="${headline}">&lt;selenium.webdriver.remote.webelement.WebElement (session="399b82eb-622c-45b7-9663-c9ed7eac52a6", element="ae57811b-6e66-4d87-8c27-d5ee71446e3c")&gt;</var>
<kw name="Get Text" library="SeleniumLibrary">
<var>${headline_text}</var>
<arg>${headline}</arg>
<doc>Returns the text value of the element identified by ``locator``.</doc>
<msg timestamp="20240906 00:15:34.031" level="INFO">${headline_text} = June CPI May Embolden Fed to Cut Soon</msg>
<status status="PASS" starttime="20240906 00:15:34.022" endtime="20240906 00:15:34.031"/>
</kw>
<kw name="Get Element Attribute" library="SeleniumLibrary">
<var>${headline_link}</var>
<arg>${headline}</arg>
<arg>href</arg>
<doc>Returns the value of ``attribute`` from the element ``locator``.</doc>
<msg timestamp="20240906 00:15:34.044" level="INFO">${headline_link} = https://finance.yahoo.com/m/b29e2f70-7bed-328b-8321-8da2b1b72944/june-cpi-may-embolden-fed-to.html</msg>
<status status="PASS" starttime="20240906 00:15:34.031" endtime="20240906 00:15:34.044"/>
</kw>
<kw name="Log" library="BuiltIn">
<arg>${headline_text} - ${headline_link}</arg>
<doc>Logs the given message with the given level.</doc>
<msg timestamp="20240906 00:15:34.045" level="INFO">June CPI May Embolden Fed to Cut Soon - https://finance.yahoo.com/m/b29e2f70-7bed-328b-8321-8da2b1b72944/june-cpi-may-embolden-fed-to.html</msg>
<status status="PASS" starttime="20240906 00:15:34.044" endtime="20240906 00:15:34.045"/>
</kw>
<kw name="Append To File" library="OperatingSystem">
<arg>${OUTPUT_FILE}</arg>
<arg>${headline_text} - ${headline_link}\n</arg>
<doc>Appends the given content to the specified file.</doc>
<msg timestamp="20240906 00:15:34.047" level="INFO" html="true">Appended to file '&lt;a href="file:///Users/nikitapiko/Documents/University/WU Wien/SBWL/Data Science/PROJECTS/SPX500/data-scraping/headlines.txt"&gt;/Users/nikitapiko/Documents/University/WU Wien/SBWL/Data Science/PROJECTS/SPX500/data-scraping/headlines.txt&lt;/a&gt;'.</msg>
<status status="PASS" starttime="20240906 00:15:34.045" endtime="20240906 00:15:34.047"/>
</kw>
<kw name="Log" library="BuiltIn">
<arg>"Processed headline: ${headline_text}"</arg>
<doc>Logs the given message with the given level.</doc>
<msg timestamp="20240906 00:15:34.048" level="INFO">"Processed headline: June CPI May Embolden Fed to Cut Soon"</msg>
<status status="PASS" starttime="20240906 00:15:34.047" endtime="20240906 00:15:34.048"/>
</kw>
<status status="PASS" starttime="20240906 00:15:34.022" endtime="20240906 00:15:34.048"/>
</iter>
<status status="PASS" starttime="20240906 00:15:27.545" endtime="20240906 00:15:34.049"/>
</for>
<status status="PASS" starttime="20240906 00:15:27.535" endtime="20240906 00:15:34.049"/>
</kw>
<kw name="Close Browser" library="SeleniumLibrary">
<doc>Closes the current browser.</doc>
<status status="PASS" starttime="20240906 00:15:34.050" endtime="20240906 00:15:35.671"/>
</kw>
<status status="PASS" starttime="20240906 00:15:18.574" endtime="20240906 00:15:35.672"/>
</test>
<status status="PASS" starttime="20240906 00:15:18.324" endtime="20240906 00:15:35.674"/>
</suite>
<statistics>
<total>
<stat pass="1" fail="0" skip="0">All Tests</stat>
</total>
<tag>
</tag>
<suite>
<stat pass="1" fail="0" skip="0" id="s1" name="Finviz Scraper">Finviz Scraper</stat>
</suite>
</statistics>
<errors>
<msg timestamp="20240906 00:15:18.562" level="ERROR">Error in file '/Users/nikitapiko/Documents/University/WU Wien/SBWL/Data Science/PROJECTS/SPX500/data-scraping/finviz_scraper.robot' on line 3: Importing library 'RequestsLibrary' failed: ModuleNotFoundError: No module named 'RequestsLibrary'
Traceback (most recent call last):
  None
PYTHONPATH:
  /Users/nikitapiko/Documents/University/WU Wien/SBWL/Data Science/dataenv/bin
  /Users/nikitapiko/opt/anaconda3/lib/python39.zip
  /Users/nikitapiko/opt/anaconda3/lib/python3.9
  /Users/nikitapiko/opt/anaconda3/lib/python3.9/lib-dynload
  /Users/nikitapiko/Documents/University/WU Wien/SBWL/Data Science/dataenv/lib/python3.9/site-packages</msg>
</errors>
</robot>
